INFO: [HLS 200-10] Running '/mnt/shares/tools/Xilinx/Vivado/2019.1/bin/unwrapped/lnx64.o/vivado_hls'
INFO: [HLS 200-10] For user 'mahdi' on host 'agent-1' (Linux_x86_64 version 5.4.0-89-generic) on Fri Nov 26 17:34:43 EST 2021
INFO: [HLS 200-10] On os Ubuntu 18.04.5 LTS
INFO: [HLS 200-10] In directory '/home/mahdi/finalIPs/finalIPs/dec'
Sourcing Tcl script '/home/mahdi/finalIPs/finalIPs/dec/dec_prj/solution1/export.tcl'
INFO: [HLS 200-10] Opening project '/home/mahdi/finalIPs/finalIPs/dec/dec_prj'.
INFO: [HLS 200-10] Opening solution '/home/mahdi/finalIPs/finalIPs/dec/dec_prj/solution1'.
INFO: [SYN 201-201] Setting up clock 'default' with a period of 10ns.
INFO: [SYN 201-201] Setting up clock 'default' with an uncertainty of 1.25ns.
INFO: [HLS 200-10] Setting target device to 'xczu19eg-ffvc1760-2-i'
INFO: [HLS 200-435] Setting 'config_sdx -optimization_level' configuration: config_export -vivado_optimization_level=2
INFO: [HLS 200-435] Setting 'config_sdx -target' configuration: config_export -vivado_optimization_level=2
INFO: [HLS 200-435] Setting 'config_sdx -target' configuration: set_clock_uncertainty default
INFO: [IMPL 213-8] Exporting RTL as a Vivado IP.

****** Vivado v2019.1 (64-bit)
  **** SW Build 2552052 on Fri May 24 14:47:09 MDT 2019
  **** IP Build 2548770 on Fri May 24 18:01:18 MDT 2019
    ** Copyright 1986-2019 Xilinx, Inc. All Rights Reserved.

source run_ippack.tcl -notrace
INFO: [IP_Flow 19-234] Refreshing IP repositories
INFO: [IP_Flow 19-1704] No user IP repositories specified
INFO: [IP_Flow 19-2313] Loaded Vivado IP repository '/mnt/shares/tools/Xilinx/Vivado/2019.1/data/ip'.
INFO: [Common 17-206] Exiting Vivado at Fri Nov 26 17:35:16 2021...
