

================================================================
== Vivado HLS Report for 'mul_bytes'
================================================================
* Date:           Fri Nov 26 17:32:40 2021

* Version:        2019.1 (Build 2552052 on Fri May 24 15:28:33 MDT 2019)
* Project:        dec_prj
* Solution:       solution1
* Product family: zynquplus
* Target device:  xczu19eg-ffvc1760-2-i


================================================================
== Performance Estimates
================================================================
+ Timing (ns): 
    * Summary: 
    +--------+-------+----------+------------+
    |  Clock | Target| Estimated| Uncertainty|
    +--------+-------+----------+------------+
    |ap_clk  |  10.00|     1.572|        1.25|
    +--------+-------+----------+------------+

+ Latency (clock cycles): 
    * Summary: 
    +-----+-----+-----+-----+---------+
    |  Latency  |  Interval | Pipeline|
    | min | max | min | max |   Type  |
    +-----+-----+-----+-----+---------+
    |    0|    0|    0|    0|   none  |
    +-----+-----+-----+-----+---------+

    + Detail: 
        * Instance: 
        N/A

        * Loop: 
        N/A



================================================================
== Utilization Estimates
================================================================
* Summary: 
+-----------------+---------+-------+---------+--------+-----+
|       Name      | BRAM_18K| DSP48E|    FF   |   LUT  | URAM|
+-----------------+---------+-------+---------+--------+-----+
|DSP              |        -|      -|        -|       -|    -|
|Expression       |        -|      -|        0|     153|    -|
|FIFO             |        -|      -|        -|       -|    -|
|Instance         |        -|      -|        -|       -|    -|
|Memory           |        -|      -|        -|       -|    -|
|Multiplexer      |        -|      -|        -|       -|    -|
|Register         |        -|      -|        -|       -|    -|
+-----------------+---------+-------+---------+--------+-----+
|Total            |        0|      0|        0|     153|    0|
+-----------------+---------+-------+---------+--------+-----+
|Available        |     1968|   1968|  1045440|  522720|  128|
+-----------------+---------+-------+---------+--------+-----+
|Utilization (%)  |        0|      0|        0|   ~0   |    0|
+-----------------+---------+-------+---------+--------+-----+

+ Detail: 
    * Instance: 
    N/A

    * DSP48E: 
    N/A

    * Memory: 
    N/A

    * FIFO: 
    N/A

    * Expression: 
    +-------------------------+----------+-------+---+----+------------+------------+
    |      Variable Name      | Operation| DSP48E| FF| LUT| Bitwidth P0| Bitwidth P1|
    +-------------------------+----------+-------+---+----+------------+------------+
    |or_ln719_fu_204_p2       |    or    |      0|  0|   8|           8|           5|
    |select_ln19_1_fu_100_p3  |  select  |      0|  0|   5|           1|           5|
    |select_ln19_2_fu_124_p3  |  select  |      0|  0|   6|           1|           6|
    |select_ln19_3_fu_152_p3  |  select  |      0|  0|   7|           1|           7|
    |select_ln19_4_fu_176_p3  |  select  |      0|  0|   8|           1|           8|
    |select_ln19_5_fu_226_p3  |  select  |      0|  0|   8|           1|           8|
    |select_ln19_6_fu_270_p3  |  select  |      0|  0|   8|           1|           8|
    |select_ln19_7_fu_314_p3  |  select  |      0|  0|   8|           1|           8|
    |select_ln19_fu_74_p3     |  select  |      0|  0|   4|           1|           4|
    |select_ln25_1_fu_254_p3  |  select  |      0|  0|   8|           1|           8|
    |select_ln25_2_fu_298_p3  |  select  |      0|  0|   8|           1|           8|
    |select_ln25_fu_210_p3    |  select  |      0|  0|   8|           1|           8|
    |ap_return                |    xor   |      0|  0|   8|           8|           8|
    |xor_ln19_1_fu_332_p2     |    xor   |      0|  0|   7|           7|           7|
    |xor_ln19_2_fu_338_p2     |    xor   |      0|  0|   7|           7|           7|
    |xor_ln19_3_fu_348_p2     |    xor   |      0|  0|   8|           8|           8|
    |xor_ln19_4_fu_354_p2     |    xor   |      0|  0|   8|           8|           8|
    |xor_ln19_5_fu_360_p2     |    xor   |      0|  0|   8|           8|           8|
    |xor_ln19_fu_322_p2       |    xor   |      0|  0|   5|           5|           5|
    |xor_ln719_1_fu_292_p2    |    xor   |      0|  0|   8|           8|           5|
    |xor_ln719_fu_248_p2      |    xor   |      0|  0|   8|           8|           5|
    +-------------------------+----------+-------+---+----+------------+------------+
    |Total                    |          |      0|  0| 153|          86|         144|
    +-------------------------+----------+-------+---+----+------------+------------+

    * Multiplexer: 
    N/A

    * Register: 
    N/A



================================================================
== Interface
================================================================
* Summary: 
+-----------+-----+-----+------------+--------------+--------------+
| RTL Ports | Dir | Bits|  Protocol  | Source Object|    C Type    |
+-----------+-----+-----+------------+--------------+--------------+
|ap_ready   | out |    1| ap_ctrl_hs |   mul_bytes  | return value |
|ap_return  | out |    8| ap_ctrl_hs |   mul_bytes  | return value |
|a_V        |  in |    5|   ap_none  |      a_V     |    scalar    |
|b_V        |  in |    8|   ap_none  |      b_V     |    scalar    |
+-----------+-----+-----+------------+--------------+--------------+

