INFO-FLOW: Workspace /home/mahdi/finalIPs/finalIPs/enc/enc_prj/solution1 opened at Tue Nov 09 10:23:23 EST 2021
Execute     config_clock -quiet -name default -period 10 -default=false 
INFO: [SYN 201-201] Setting up clock 'default' with a period of 10ns.
Execute     config_clock -quiet -name default -uncertainty 1.25 -unit % 
INFO: [SYN 201-201] Setting up clock 'default' with an uncertainty of 1.25ns.
Execute     open_platform DefaultPlatform 
Execute     import_lib /mnt/shares/tools/Xilinx/Vivado/2019.1/common/technology/xilinx/zynquplus/zynquplus 
Execute       source /mnt/shares/tools/Xilinx/Vivado/2019.1/common/technology/xilinx/common/xilinx.lib 
Execute         source /mnt/shares/tools/Xilinx/Vivado/2019.1/common/technology/xilinx/interface/xilinx_interface.lib 
Execute           source /mnt/shares/tools/Xilinx/Vivado/2019.1/common/technology/xilinx/interface/plb46.lib 
Execute           source /mnt/shares/tools/Xilinx/Vivado/2019.1/common/technology/xilinx/interface/fsl.lib 
Execute           source /mnt/shares/tools/Xilinx/Vivado/2019.1/common/technology/xilinx/interface/axi4.lib 
Execute           source /mnt/shares/tools/Xilinx/Vivado/2019.1/common/technology/xilinx/interface/maxi.lib 
Execute           source /mnt/shares/tools/Xilinx/Vivado/2019.1/common/technology/xilinx/interface/saxilite.lib 
Execute         source /mnt/shares/tools/Xilinx/Vivado/2019.1/common/technology/xilinx/common/dsp48.lib 
Execute         source /mnt/shares/tools/Xilinx/Vivado/2019.1/common/technology/xilinx/ip/xfir.lib 
Execute         source /mnt/shares/tools/Xilinx/Vivado/2019.1/common/technology/xilinx/ip/dds_compiler.lib 
Execute         source /mnt/shares/tools/Xilinx/Vivado/2019.1/common/technology/xilinx/ip/xfft.lib 
Execute       source /mnt/shares/tools/Xilinx/Vivado/2019.1/common/technology/xilinx/common/xilinx.hlp 
Execute         source /mnt/shares/tools/Xilinx/Vivado/2019.1/common/technology/xilinx/common/target_info.tcl 
Execute         source /mnt/shares/tools/Xilinx/Vivado/2019.1/common/technology/xilinx/interface/xilinx_interface.hlp 
Execute           source /mnt/shares/tools/Xilinx/Vivado/2019.1/common/technology/xilinx/interface/maxi.hlp 
Execute           source /mnt/shares/tools/Xilinx/Vivado/2019.1/common/technology/xilinx/interface/saxilite.hlp 
Execute         source /mnt/shares/tools/Xilinx/Vivado/2019.1/common/technology/xilinx/common/dsp48.hlp 
Execute       source /mnt/shares/tools/Xilinx/Vivado/2019.1/common/technology/xilinx/zynquplus/dsp48e2.hlp 
Execute       source /mnt/shares/tools/Xilinx/Vivado/2019.1/common/technology/xilinx/common/xilinx.hlp 
Execute         source /mnt/shares/tools/Xilinx/Vivado/2019.1/common/technology/xilinx/common/target_info.tcl 
Execute         source /mnt/shares/tools/Xilinx/Vivado/2019.1/common/technology/xilinx/interface/xilinx_interface.hlp 
Execute           source /mnt/shares/tools/Xilinx/Vivado/2019.1/common/technology/xilinx/interface/maxi.hlp 
Execute           source /mnt/shares/tools/Xilinx/Vivado/2019.1/common/technology/xilinx/interface/saxilite.hlp 
Execute         source /mnt/shares/tools/Xilinx/Vivado/2019.1/common/technology/xilinx/common/dsp48.hlp 
Command     import_lib done; 0.11 sec.
Execute     source /mnt/shares/tools/Xilinx/Vivado/2019.1/common/technology/xilinx/zynquplus/zynquplus.gen 
Execute       source /mnt/shares/tools/Xilinx/Vivado/2019.1/common/technology/xilinx/common/xilinx.gen 
Execute         source /mnt/shares/tools/Xilinx/Vivado/2019.1/common/technology/xilinx/interface/plb46.gen 
Execute         source /mnt/shares/tools/Xilinx/Vivado/2019.1/common/technology/xilinx/interface/fsl.gen 
Execute         source /mnt/shares/tools/Xilinx/Vivado/2019.1/common/technology/xilinx/interface/axi4.gen 
Execute         source /mnt/shares/tools/Xilinx/Vivado/2019.1/common/technology/xilinx/interface/nativeAXI4.gen 
Execute           source /mnt/shares/tools/Xilinx/Vivado/2019.1/common/technology/xilinx/interface/saxilite.gen 
Execute           source /mnt/shares/tools/Xilinx/Vivado/2019.1/common/technology/xilinx/interface/maxi.gen 
Execute         source /mnt/shares/tools/Xilinx/Vivado/2019.1/common/technology/xilinx/scripts/xilinxcoregen.gen 
Execute         source /mnt/shares/tools/Xilinx/Vivado/2019.1/common/technology/xilinx/interface/XilEDKCoreGen.gen 
Execute         source /mnt/shares/tools/Xilinx/Vivado/2019.1/common/technology/xilinx/ip/dds_compiler.gen 
Execute         source /mnt/shares/tools/Xilinx/Vivado/2019.1/common/technology/xilinx/ip/util.gen 
Execute         source /mnt/shares/tools/Xilinx/Vivado/2019.1/common/technology/xilinx/ip/xfft.gen 
Command         ap_source done; 0.13 sec.
Execute         source /mnt/shares/tools/Xilinx/Vivado/2019.1/common/technology/xilinx/ip/xfir.gen 
Execute         source /mnt/shares/tools/Xilinx/Vivado/2019.1/common/technology/xilinx/common/dsp48.gen 
Command       ap_source done; 0.34 sec.
Command     ap_source done; 0.34 sec.
Execute     open_platform DefaultPlatform 
Execute     import_lib /mnt/shares/tools/Xilinx/Vivado/2019.1/common/technology/xilinx/zynquplus/zynquplus_fpv7 
Execute       source /mnt/shares/tools/Xilinx/Vivado/2019.1/common/technology/xilinx/common/xilinx_fp.lib 
Execute       source /mnt/shares/tools/Xilinx/Vivado/2019.1/common/technology/xilinx/common/xilinx_fp.hlp 
Execute         source /mnt/shares/tools/Xilinx/Vivado/2019.1/common/technology/xilinx/common/xilinx.hlp 
Execute           source /mnt/shares/tools/Xilinx/Vivado/2019.1/common/technology/xilinx/common/target_info.tcl 
Execute           source /mnt/shares/tools/Xilinx/Vivado/2019.1/common/technology/xilinx/interface/xilinx_interface.hlp 
Execute             source /mnt/shares/tools/Xilinx/Vivado/2019.1/common/technology/xilinx/interface/maxi.hlp 
Execute             source /mnt/shares/tools/Xilinx/Vivado/2019.1/common/technology/xilinx/interface/saxilite.hlp 
Execute           source /mnt/shares/tools/Xilinx/Vivado/2019.1/common/technology/xilinx/common/dsp48.hlp 
Execute     source /mnt/shares/tools/Xilinx/Vivado/2019.1/common/technology/xilinx/zynquplus/zynquplus_fpv7.gen 
Execute       source /mnt/shares/tools/Xilinx/Vivado/2019.1/common/technology/xilinx/common/xilinx_fp.gen 
Execute     set_part xczu19eg-ffvc1760-2-i 
Execute       ap_part_info -name xczu19eg-ffvc1760-2-i -data single -quiet 
Command       ap_part_info done; 4.12 sec.
Execute       ap_part_info -name xczu19eg-ffvc1760-2-i -data info 
Execute       add_library xilinx/zynquplus/zynquplus:xczu19eg:-ffvc1760:-2-i 
Execute         get_default_platform 
Execute         license_isbetapart xczu19eg 
Command         license_isbetapart done; error code: 1; 
Execute         ap_part_info -data single -name xczu19eg-ffvc1760-2-i 
Execute         ap_part_info -name xczu19eg-ffvc1760-2-i -data resources 
Execute         ap_part_info -name xczu19eg-ffvc1760-2-i -data info 
Execute         ap_part_info -name xczu19eg-ffvc1760-2-i -data info 
Execute         config_chip_info -quiet -resource {SLICE 65340} {LUT 522720} {FF 1045440} {DSP48E 1968} {BRAM 1968} {URAM 128} 
Execute         ap_part_info -name xczu19eg-ffvc1760-2-i -data info 
Execute         config_chip_info -quiet -speed medium 
Command       add_library done; 0.13 sec.
Execute       add_library xilinx/zynquplus/zynquplus_fpv7 
Execute         get_default_platform 
INFO: [HLS 200-10] Setting target device to 'xczu19eg-ffvc1760-2-i'
Execute       ap_part_info -name xczu19eg-ffvc1760-2-i -data info 
Execute       get_default_platform 
Command     set_part done; 4.38 sec.
Execute     ap_part_info -data single -name xczu19eg-ffvc1760-2-i 
Execute     ap_part_info -name xczu19eg-ffvc1760-2-i -data resources 
Execute     ap_part_info -name xczu19eg-ffvc1760-2-i -data info 
Execute     ap_part_info -name xczu19eg-ffvc1760-2-i -data info 
Execute     config_chip_info -quiet -resource {SLICE 65340} {LUT 522720} {FF 1045440} {DSP48E 1968} {BRAM 1968} {URAM 128} 
Execute     ap_part_info -name xczu19eg-ffvc1760-2-i -data info 
Execute     config_chip_info -quiet -speed medium 
Execute     config_export -format=ip_catalog 
Execute     config_export -rtl=verilog 
Execute     config_export -vivado_optimization_level=2 
Execute       get_config_export -vivado_impl_strategy 
Execute       get_config_export -vivado_phys_opt 
Execute     config_export -vivado_phys_opt=place 
Execute     config_export -vivado_report_level=0 
Execute     config_sdx -optimization_level=none 
Execute       send_msg_by_id INFO @200-435@%s%s 'config_sdx -optimization_level' config_export -vivado_optimization_level=2 
INFO: [HLS 200-435] Setting 'config_sdx -optimization_level' configuration: config_export -vivado_optimization_level=2
Execute       config_export -vivado_optimization_level=2 
Execute         get_config_export -vivado_impl_strategy 
Execute         get_config_export -vivado_phys_opt 
Execute     config_sdx -target=none 
Execute       send_msg_by_id INFO @200-435@%s%s 'config_sdx -target' config_export -vivado_optimization_level=2 
INFO: [HLS 200-435] Setting 'config_sdx -target' configuration: config_export -vivado_optimization_level=2
Execute       config_export -vivado_optimization_level=2 
Execute         get_config_export -vivado_impl_strategy 
Execute         get_config_export -vivado_phys_opt 
Execute       get_config_compile -pipeline_loops 
Execute       get_config_compile -name_max_length 
Execute       get_config_schedule -enable_dsp_full_reg 
Execute       get_config_rtl -register_reset_num 
Execute       get_config_rtl -module_auto_prefix 
Execute       get_config_interface -m_axi_addr64 
Execute       send_msg_by_id INFO @200-435@%s%s 'config_sdx -target' set_clock_uncertainty default 
INFO: [HLS 200-435] Setting 'config_sdx -target' configuration: set_clock_uncertainty default
Execute       set_clock_uncertainty default 
Command   open_solution done; 4.95 sec.
Execute   set_part xczu19eg-ffvc1760-2-i 
Execute     ap_part_info -name xczu19eg-ffvc1760-2-i -data single -quiet 
Execute     ap_part_info -name xczu19eg-ffvc1760-2-i -data info 
Execute     add_library xilinx/zynquplus/zynquplus:xczu19eg:-ffvc1760:-2-i 
Execute       get_default_platform 
Execute       license_isbetapart xczu19eg 
Command       license_isbetapart done; error code: 1; 
Execute       ap_part_info -data single -name xczu19eg-ffvc1760-2-i 
Execute       ap_part_info -name xczu19eg-ffvc1760-2-i -data resources 
Execute       ap_part_info -name xczu19eg-ffvc1760-2-i -data info 
Execute       ap_part_info -name xczu19eg-ffvc1760-2-i -data info 
Execute       config_chip_info -quiet -resource {SLICE 65340} {LUT 522720} {FF 1045440} {DSP48E 1968} {BRAM 1968} {URAM 128} 
Execute       ap_part_info -name xczu19eg-ffvc1760-2-i -data info 
Execute       config_chip_info -quiet -speed medium 
Execute     add_library xilinx/zynquplus/zynquplus_fpv7 
Execute       get_default_platform 
Execute     ap_part_info -name xczu19eg-ffvc1760-2-i -data info 
Execute     get_default_platform 
Execute   create_clock -period 10 -name default 
Execute   config_export -format ip_catalog -rtl verilog -vivado_optimization_level 2 -vivado_phys_opt place -vivado_report_level 0 
Execute     get_config_export -vivado_impl_strategy 
Execute   config_sdx -optimization_level none -target none 
WARNING: [HLS 200-483] The 'config_sdx -optimization_level' command is deprecated and will be removed in a future release. Use 'config_export -vivado_optimization_level' as its replacement.
Execute     send_msg_by_id INFO @200-435@%s%s 'config_sdx -optimization_level' config_export -vivado_optimization_level=2 
INFO: [HLS 200-435] Setting 'config_sdx -optimization_level' configuration: config_export -vivado_optimization_level=2
Execute     config_export -vivado_optimization_level=2 
Execute       get_config_export -vivado_impl_strategy 
Execute       get_config_export -vivado_phys_opt 
Execute     send_msg_by_id INFO @200-435@%s%s 'config_sdx -target' config_export -vivado_optimization_level=2 
INFO: [HLS 200-435] Setting 'config_sdx -target' configuration: config_export -vivado_optimization_level=2
Execute     config_export -vivado_optimization_level=2 
Execute       get_config_export -vivado_impl_strategy 
Execute       get_config_export -vivado_phys_opt 
Execute     get_config_compile -pipeline_loops 
Execute     get_config_compile -name_max_length 
Execute     get_config_schedule -enable_dsp_full_reg 
Execute     get_config_rtl -register_reset_num 
Execute     get_config_rtl -module_auto_prefix 
Execute     get_config_interface -m_axi_addr64 
Execute     send_msg_by_id INFO @200-435@%s%s 'config_sdx -target' set_clock_uncertainty default 
INFO: [HLS 200-435] Setting 'config_sdx -target' configuration: set_clock_uncertainty default
Execute     set_clock_uncertainty default 
WARNING: [HLS 200-484] The 'config_sdx -optimization_level' command is deprecated and will be removed in a future release.
Execute   set_clock_uncertainty 12.5% 
Execute   csynth_design 
Execute     get_config_compile -dump_cfg 
Execute     get_config_compile -effort 
Execute     get_config_compile -enable_clang39 
Execute     get_config_compile -g 
Execute     get_config_compile -ng 
Execute     get_config_compile -opt_fp 
Execute     get_config_compile -skip_cdt 
Execute     get_config_compile -skip_syncheck 
Execute     get_config_compile -skip_transform 
Execute     get_config_compile -keep_printf 
Execute     elaborate -effort=medium -skip_syncheck=0 -keep_printf=0 -skip_cdt=0 -skip_transform=0 -ng=0 -g=0 -opt_fp=0 -from_csynth_design=1 
Execute       get_config_schedule -relax_ii_for_timing 
INFO: [SCHED 204-61] Option 'relax_ii_for_timing' is enabled, will increase II to preserve clock frequency constraints.
Execute       get_config_schedule -suppress_dependence_error_break 
INFO: [HLS 200-10] Analyzing design file 'kern_enc.cpp' ... 
INFO-FLOW: Compiling one TU...
Execute       is_m_axi_addr64 
INFO-FLOW: Handling kern_enc.cpp as C++
Execute       ap_part_info -name xczu19eg-ffvc1760-2-i -data info 
Execute       is_encrypted kern_enc.cpp 
Execute       ap_part_info -name xczu19eg-ffvc1760-2-i -data info 
INFO-FLOW: Running: GCC PP
INFO-FLOW: Source preprocessing
Execute       clang  -fno-limit-debug-info -gcc-toolchain "/mnt/shares/tools/Xilinx/Vivado/2019.1/lnx64/tools/gcc" -hls  -fno-exceptions  -D__llvm__  -E "kern_enc.cpp"     -fno-math-errno -c -emit-llvm -O0  -mllvm -disable-llvm-optzns -fno-threadsafe-statics  -fno-use-cxa-atexit  -fno-threadsafe-statics -fno-use-cxa-atexit -D__CLANG_3_1__ -DAESL_SYN -D__SYNTHESIS__ -D__HLS_SYN__ -I "/mnt/shares/tools/Xilinx/Vivado/2019.1/common/technology/autopilot" -I "/mnt/shares/tools/Xilinx/Vivado/2019.1/common/technology/autopilot/ap_sysc" -include etc/autopilot_ssdm_op.h -D__DSP48E2__  -o "/home/mahdi/finalIPs/finalIPs/enc/enc_prj/solution1/.autopilot/db/kern_enc.pp.0.cpp" 
INFO-FLOW: exec /mnt/shares/tools/Xilinx/Vivado/2019.1/lnx64/tools/clang/bin/clang -fno-limit-debug-info -gcc-toolchain /mnt/shares/tools/Xilinx/Vivado/2019.1/lnx64/tools/gcc -hls -fno-exceptions -D__llvm__ -E kern_enc.cpp -fno-math-errno -c -emit-llvm -O0 -mllvm -disable-llvm-optzns -fno-threadsafe-statics -fno-use-cxa-atexit -fno-threadsafe-statics -fno-use-cxa-atexit -D__CLANG_3_1__ -DAESL_SYN -D__SYNTHESIS__ -D__HLS_SYN__ -I /mnt/shares/tools/Xilinx/Vivado/2019.1/common/technology/autopilot -I /mnt/shares/tools/Xilinx/Vivado/2019.1/common/technology/autopilot/ap_sysc -include etc/autopilot_ssdm_op.h -D__DSP48E2__ -o /home/mahdi/finalIPs/finalIPs/enc/enc_prj/solution1/.autopilot/db/kern_enc.pp.0.cpp
Command       clang done; 3.33 sec.
Execute       tidy_31 xilinx-xfmat-array-geometry /home/mahdi/finalIPs/finalIPs/enc/enc_prj/solution1/.autopilot/db/kern_enc.pp.0.cpp std=gnu++98 
INFO-FLOW: exec /mnt/shares/tools/Xilinx/Vivado/2019.1/lnx64/tools/clang-3.9-csynth/bin/tidy-3.1 -header-filter=.* -checks=-*,xilinx-xfmat-array-geometry -quiet -fix /home/mahdi/finalIPs/finalIPs/enc/enc_prj/solution1/.autopilot/db/kern_enc.pp.0.cpp -- -std=gnu++98 -fhls -ferror-limit=0
Command       tidy_31 done; 1.35 sec.
INFO-FLOW: Syntax Checking before pre-processing...
Execute       clang -syntaxcheck -src /home/mahdi/finalIPs/finalIPs/enc/enc_prj/solution1/.autopilot/db/kern_enc.pp.0.cpp  -fno-limit-debug-info -gcc-toolchain "/mnt/shares/tools/Xilinx/Vivado/2019.1/lnx64/tools/gcc" -hls    -fno-math-errno -c -emit-llvm -O0  -mllvm -disable-llvm-optzns -fno-threadsafe-statics  -fno-use-cxa-atexit  -fno-threadsafe-statics -fno-use-cxa-atexit -D__CLANG_3_1__ -DAESL_SYN -D__SYNTHESIS__ -D__HLS_SYN__ -I "/mnt/shares/tools/Xilinx/Vivado/2019.1/common/technology/autopilot" -I "/mnt/shares/tools/Xilinx/Vivado/2019.1/common/technology/autopilot/ap_sysc" -include etc/autopilot_ssdm_op.h -D__DSP48E2__  "/home/mahdi/finalIPs/finalIPs/enc/enc_prj/solution1/.autopilot/db/kern_enc.pp.0.cpp"  -o "/home/mahdi/finalIPs/finalIPs/enc/enc_prj/solution1/.autopilot/db/useless.bc"  
INFO-FLOW: exec /mnt/shares/tools/Xilinx/Vivado/2019.1/lnx64/tools/clang/bin/clang -fno-limit-debug-info -gcc-toolchain /mnt/shares/tools/Xilinx/Vivado/2019.1/lnx64/tools/gcc -hls -fno-math-errno -c -emit-llvm -O0 -mllvm -disable-llvm-optzns -fno-threadsafe-statics -fno-use-cxa-atexit -fno-threadsafe-statics -fno-use-cxa-atexit -D__CLANG_3_1__ -DAESL_SYN -D__SYNTHESIS__ -D__HLS_SYN__ -I /mnt/shares/tools/Xilinx/Vivado/2019.1/common/technology/autopilot -I /mnt/shares/tools/Xilinx/Vivado/2019.1/common/technology/autopilot/ap_sysc -include etc/autopilot_ssdm_op.h -D__DSP48E2__ /home/mahdi/finalIPs/finalIPs/enc/enc_prj/solution1/.autopilot/db/kern_enc.pp.0.cpp -o /home/mahdi/finalIPs/finalIPs/enc/enc_prj/solution1/.autopilot/db/useless.bc
WARNING: [HLS 200-40] In file included from kern_enc.cpp:1:
In file included from kern_enc.cpp:3:
In file included from ./kern_enc.hpp:6:
./galapagos_packet.h:74:23: warning: alias declarations are a C++11 extension [-Wc++11-extensions]
    using interface = hls::stream<galapagos::stream_packet<T> >;
                      ^
1 warning generated.
Command       clang done; 3.79 sec.
INFO-FLOW: Done: GCC PP time: 8.5 seconds per iteration
Execute       source /mnt/shares/tools/Xilinx/Vivado/2019.1/tps/tcl/tcllib1.11.1/yaml/huddle.tcl 
Execute       source /mnt/shares/tools/Xilinx/Vivado/2019.1/tps/tcl/tcllib1.11.1/yaml/json2huddle.tcl 
Execute         source /mnt/shares/tools/Xilinx/Vivado/2019.1/tps/tcl/tcllib1.11.1/try/try.tcl 
Execute       list_core -type functional_unit 
Execute       tidy_31 xilinx-systemc-detector /home/mahdi/finalIPs/finalIPs/enc/enc_prj/solution1/.autopilot/db/kern_enc.pp.0.cpp std=gnu++98 -directive=/home/mahdi/finalIPs/finalIPs/enc/enc_prj/solution1/.autopilot/db/.systemc_flag 
INFO-FLOW: exec /mnt/shares/tools/Xilinx/Vivado/2019.1/lnx64/tools/clang-3.9-csynth/bin/tidy-3.1 -header-filter=.* -checks=-*,xilinx-systemc-detector -import-directive=/home/mahdi/finalIPs/finalIPs/enc/enc_prj/solution1/.autopilot/db/.systemc_flag -quiet -fix-errors /home/mahdi/finalIPs/finalIPs/enc/enc_prj/solution1/.autopilot/db/kern_enc.pp.0.cpp -- -std=gnu++98 -fhls -ferror-limit=0
Command       tidy_31 done; 1.24 sec.
INFO-FLOW: Running: tidy-3.1 CDT preprocess
Execute       tidy_31 xilinx-directive2pragma /home/mahdi/finalIPs/finalIPs/enc/enc_prj/solution1/.autopilot/db/kern_enc.pp.0.cpp std=gnu++98 -directive=/home/mahdi/finalIPs/finalIPs/enc/enc_prj/solution1/.autopilot/db/all.directive.json 
INFO-FLOW: exec /mnt/shares/tools/Xilinx/Vivado/2019.1/lnx64/tools/clang-3.9-csynth/bin/tidy-3.1 -header-filter=.* -checks=-*,xilinx-directive2pragma -import-directive=/home/mahdi/finalIPs/finalIPs/enc/enc_prj/solution1/.autopilot/db/all.directive.json -quiet -fix-errors /home/mahdi/finalIPs/finalIPs/enc/enc_prj/solution1/.autopilot/db/kern_enc.pp.0.cpp -- -std=gnu++98 -fhls -ferror-limit=0
Command       tidy_31 done; 1.13 sec.
Execute       get_config_dataflow -strict_mode 
Execute       ap_eval exec -ignorestderr /mnt/shares/tools/Xilinx/Vivado/2019.1/lnx64/tools/clang-3.9-csynth/bin/xilinx-dataflow-lawyer -export-fixes=/home/mahdi/finalIPs/finalIPs/enc/enc_prj/solution1/.autopilot/db/xilinx-dataflow-lawyer.kern_enc.pp.0.cpp.diag.yml /home/mahdi/finalIPs/finalIPs/enc/enc_prj/solution1/.autopilot/db/kern_enc.pp.0.cpp -- -std=gnu++98 -fhls -ferror-limit=0 -fstrict-dataflow > /home/mahdi/finalIPs/finalIPs/enc/enc_prj/solution1/.autopilot/db/xilinx-dataflow-lawyer.kern_enc.pp.0.cpp.out.log 2> /home/mahdi/finalIPs/finalIPs/enc/enc_prj/solution1/.autopilot/db/xilinx-dataflow-lawyer.kern_enc.pp.0.cpp.err.log 
Command       ap_eval done; 0.98 sec.
Execute       tidy_31 -errorcheck xilinx-constantarray-param,xilinx-resource-pragma-transformer,xilinx-xfmat-array-geometry /home/mahdi/finalIPs/finalIPs/enc/enc_prj/solution1/.autopilot/db/kern_enc.pp.0.cpp std=gnu++98 
Execute         ap_eval exec -ignorestderr /mnt/shares/tools/Xilinx/Vivado/2019.1/lnx64/tools/clang-3.9-csynth/bin/tidy-3.1 -export-fixes=/home/mahdi/finalIPs/finalIPs/enc/enc_prj/solution1/.autopilot/db/tidy-3.1.kern_enc.pp.0.cpp.diag.yml -header-filter=.* -checks=-*,xilinx-constantarray-param,xilinx-resource-pragma-transformer,xilinx-xfmat-array-geometry -quiet -fix-errors /home/mahdi/finalIPs/finalIPs/enc/enc_prj/solution1/.autopilot/db/kern_enc.pp.0.cpp -- -std=gnu++98 -fhls -ferror-limit=0 > /home/mahdi/finalIPs/finalIPs/enc/enc_prj/solution1/.autopilot/db/tidy-3.1.kern_enc.pp.0.cpp.out.log 2> /home/mahdi/finalIPs/finalIPs/enc/enc_prj/solution1/.autopilot/db/tidy-3.1.kern_enc.pp.0.cpp.err.log 
Command         ap_eval done; 1.49 sec.
Execute         source /mnt/shares/tools/Xilinx/Vivado/2019.1/tps/tcl/tcllib1.11.1/yaml/yaml.tcl 
Execute           source /mnt/shares/tools/Xilinx/Vivado/2019.1/tps/tcl/tcllib1.11.1/cmdline/cmdline.tcl 
Execute         ap_eval exec -ignorestderr /mnt/shares/tools/Xilinx/Vivado/2019.1/lnx64/tools/clang-3.9-csynth/bin/xilinx-legacy-rewriter /home/mahdi/finalIPs/finalIPs/enc/enc_prj/solution1/.autopilot/db/kern_enc.pp.0.cpp -- -std=gnu++98 -fhls -ferror-limit=0 > /home/mahdi/finalIPs/finalIPs/enc/enc_prj/solution1/.autopilot/db/xilinx-legacy-rewriter.kern_enc.pp.0.cpp.out.log 2> /home/mahdi/finalIPs/finalIPs/enc/enc_prj/solution1/.autopilot/db/xilinx-legacy-rewriter.kern_enc.pp.0.cpp.err.log 
Command         ap_eval done; 0.94 sec.
Command       tidy_31 done; 2.47 sec.
INFO-FLOW: Done: tidy-3.1 CDT preprocess time: 4.6 seconds per iteration
INFO-FLOW: Pragma Handling...
Execute       tidy_31 xilinx-ssdm-intrinsics-arguments /home/mahdi/finalIPs/finalIPs/enc/enc_prj/solution1/.autopilot/db/kern_enc.pragma.1.cpp std=gnu++98 
INFO-FLOW: exec /mnt/shares/tools/Xilinx/Vivado/2019.1/lnx64/tools/clang-3.9-csynth/bin/tidy-3.1 -header-filter=.* -checks=-*,xilinx-ssdm-intrinsics-arguments -quiet -fix-errors /home/mahdi/finalIPs/finalIPs/enc/enc_prj/solution1/.autopilot/db/kern_enc.pragma.1.cpp -- -std=gnu++98 -fhls -ferror-limit=0
Command       tidy_31 done; 1.65 sec.
Execute       ap_part_info -name xczu19eg-ffvc1760-2-i -data info 
INFO-FLOW: Processing labels
Execute       clang -src /home/mahdi/finalIPs/finalIPs/enc/enc_prj/solution1/.autopilot/db/kern_enc.pragma.2.cpp  -fno-limit-debug-info -gcc-toolchain /mnt/shares/tools/Xilinx/Vivado/2019.1/lnx64/tools/gcc -hls -hls-analyze-label -hls-analyze-pragma -fno-exceptions  -D__llvm__  -w  "/home/mahdi/finalIPs/finalIPs/enc/enc_prj/solution1/.autopilot/db/kern_enc.pragma.2.cpp"    -fno-math-errno -c -emit-llvm -O0  -mllvm -disable-llvm-optzns -fno-threadsafe-statics  -fno-use-cxa-atexit -DAESL_SYN -D__SYNTHESIS__ -D__HLS_SYN__ -I "/mnt/shares/tools/Xilinx/Vivado/2019.1/common/technology/autopilot" -I "/mnt/shares/tools/Xilinx/Vivado/2019.1/common/technology/autopilot/ap_sysc" -include etc/autopilot_ssdm_op.h -D__DSP48E2__ -g -o "/home/mahdi/finalIPs/finalIPs/enc/enc_prj/solution1/.autopilot/db/kern_enc.bc" 
INFO-FLOW: exec /mnt/shares/tools/Xilinx/Vivado/2019.1/lnx64/tools/clang/bin/clang -fno-limit-debug-info -gcc-toolchain /mnt/shares/tools/Xilinx/Vivado/2019.1/lnx64/tools/gcc -hls -hls-analyze-label -hls-analyze-pragma -fno-exceptions -D__llvm__ -w /home/mahdi/finalIPs/finalIPs/enc/enc_prj/solution1/.autopilot/db/kern_enc.pragma.2.cpp -fno-math-errno -c -emit-llvm -O0 -mllvm -disable-llvm-optzns -fno-threadsafe-statics -fno-use-cxa-atexit -DAESL_SYN -D__SYNTHESIS__ -D__HLS_SYN__ -I /mnt/shares/tools/Xilinx/Vivado/2019.1/common/technology/autopilot -I /mnt/shares/tools/Xilinx/Vivado/2019.1/common/technology/autopilot/ap_sysc -include etc/autopilot_ssdm_op.h -D__DSP48E2__ -g -o /home/mahdi/finalIPs/finalIPs/enc/enc_prj/solution1/.autopilot/db/kern_enc.bc
Command       clang done; 3.58 sec.
INFO-FLOW: Linking Debug ...
Execute       llvm-ld /home/mahdi/finalIPs/finalIPs/enc/enc_prj/solution1/.autopilot/db/kern_enc.g.bc -hls-opt -except-internalize kern_enc -L/mnt/shares/tools/Xilinx/Vivado/2019.1/lnx64/lib -lhlsm -lhlsmc++ -o /home/mahdi/finalIPs/finalIPs/enc/enc_prj/solution1/.autopilot/db/a.g 
Command       llvm-ld done; 1.58 sec.
INFO: [HLS 200-111] Finished Linking Time (s): cpu = 00:00:18 ; elapsed = 00:00:28 . Memory (MB): peak = 916.309 ; gain = 208.078 ; free physical = 5785 ; free virtual = 55474
INFO: [HLS 200-111] Finished Checking Pragmas Time (s): cpu = 00:00:18 ; elapsed = 00:00:28 . Memory (MB): peak = 916.309 ; gain = 208.078 ; free physical = 5785 ; free virtual = 55474
Execute       get_config_sdx -target 
Execute       opt_and_import_c a -opt_level=2 -skip_syncheck=0 -ng=0 -keep_printf=0 
Execute         cleanup_all_models 
INFO: [HLS 200-10] Starting code transformations ...
Execute         transform -promote-dbg-pointer /home/mahdi/finalIPs/finalIPs/enc/enc_prj/solution1/.autopilot/db/a.pp.bc -o /home/mahdi/finalIPs/finalIPs/enc/enc_prj/solution1/.autopilot/db/a.pp.0.bc -f 
Execute         llvm-ld /home/mahdi/finalIPs/finalIPs/enc/enc_prj/solution1/.autopilot/db/a.pp.0.bc -disable-opt -L/mnt/shares/tools/Xilinx/Vivado/2019.1/lnx64/lib -lfloatconversion -o /home/mahdi/finalIPs/finalIPs/enc/enc_prj/solution1/.autopilot/db/a.g.0 
Command         llvm-ld done; 1.57 sec.
INFO-FLOW: Running Standard Transforms...
Execute         transform -hls -share-std-xform -demangle-name -inline-byval-memcpy -always-inline -promote-dbg-pointer -interface-preproc -mem2reg -scalarrepl -mem2reg -keep-read-access -instcombine -dce -promote-dbg-pointer -bitop-raise -loop-simplify -indvarspre -indvars -loop-simplify -xunroll -constprop -instcombine -simplifycfg -indvars -simplifycfg -dce -globaldce -basicaa -simplifycfg -mem2reg -globalopt -global-constprop -deadargelim -instcombine -simplifycfg -prune-eh -simplifycfg -scalarrepl -instcombine -reassociate -licm -simplifycfg -loop-simplify -indvars -instcombine -simplifycfg -mem2reg -loop-simplify -indvars -instcombine -gvn -gvn -instcombine -adce -break-crit-edges -simplifycfg -loop-delete -global-array-opt -dce -dse -adce -find-syn-modules -top kern_enc -deadargelim -mem2reg -instcombine -dce -presyn-prepare -auto-rom-infer -interface-preproc -syn-check -check-rec-only -find-region -simplifycfg -func-extr -function-inline -globaldce -mem2reg -instcombine -dce -gvn -globaldce -adce -adse -constprop -instcombine -bit-constprop -instcombine -dce -simplifycfg -bitop-raise -simplifycfg -dce -loop-delete -reassociate -globalopt -global-privatize -mem2reg -dce -global-constprop -pointer-simplify -constprop -dce -func-inst -deadargelim -auto-shift-reg-idiom -promote-dbg-pointer -norm-name /home/mahdi/finalIPs/finalIPs/enc/enc_prj/solution1/.autopilot/db/a.g.0.bc -o /home/mahdi/finalIPs/finalIPs/enc/enc_prj/solution1/.autopilot/db/a.g.1.bc -f -phase std-opt 
Command         transform done; 0.36 sec.
INFO: [HLS 200-111] Finished Standard Transforms Time (s): cpu = 00:00:19 ; elapsed = 00:00:30 . Memory (MB): peak = 916.309 ; gain = 208.078 ; free physical = 5768 ; free virtual = 55458
INFO: [HLS 200-10] Checking synthesizability ...
INFO-FLOW: Checking Synthesizability 1/2..
Execute         transform -hls -syn-check -check-rec-only -disaggr -scalarrepl -norm-name -dce -mem2reg -instcombine -function-uniquify -directive-preproc -mem2reg -dse -dce -auto-rom-infer -dce -pag -array-normalize -instcombine -dce -warn-fifo-pointer -array-seg-normalize -instcombine -dce -array-flatten -instcombine -dce -array-burst -dce -deadargelim -promote-global-argument -simplifycfg -mem2reg -globaldce -dce -deadargelim -dce -instcombine -function-inline -globaldce -dce -doublePtrSimplify -doublePtrElim -dce -doublePtrSimplify -promote-dbg-pointer -dce -scalarrepl -dse -adse -instcombine -ptrLegalization -simplifycfg -dce -instcombine -pointer-simplify -ptrArgReplace -dce -instcombine -resolve-double-ptr -disaggr -scalarrepl -norm-name -dce -mem2reg -instcombine -ptrLegalization -simplifycfg -deadargelim -instcombine -dce -inst-simplify -function-uniquify -directive-preproc -mem2reg -dse -dce -globaldce -check-dspbuiltin /home/mahdi/finalIPs/finalIPs/enc/enc_prj/solution1/.autopilot/db/a.g.1.bc -o /home/mahdi/finalIPs/finalIPs/enc/enc_prj/solution1/.autopilot/db/a.g.2.prechk.bc -f 
Command         transform done; 0.15 sec.
INFO-FLOW: Checking Synthesizability 2/2..
Execute         transform -syn-check /home/mahdi/finalIPs/finalIPs/enc/enc_prj/solution1/.autopilot/db/a.g.2.prechk.bc -o /home/mahdi/finalIPs/finalIPs/enc/enc_prj/solution1/.autopilot/db/a.g.2.bc -f -phase syn-check 
INFO: [HLS 200-111] Finished Checking Synthesizability Time (s): cpu = 00:00:19 ; elapsed = 00:00:30 . Memory (MB): peak = 916.309 ; gain = 208.078 ; free physical = 5764 ; free virtual = 55455
INFO-FLOW: Compiler optimizing ...
INFO-FLOW: Share syncheck's 1.bc for syn flow: copy /home/mahdi/finalIPs/finalIPs/enc/enc_prj/solution1/.autopilot/db/a.g.1.bc to /home/mahdi/finalIPs/finalIPs/enc/enc_prj/solution1/.autopilot/db/a.o.1.bc
INFO-FLOW: Presyn 1...
Execute         transform -hls -tmp /home/mahdi/finalIPs/finalIPs/enc/enc_prj/solution1/.autopilot/db -interface-port-rename -type-info -function-uniquify -directive-preproc -mem2reg -dse -dce -disaggr -scalarrepl -norm-name -deadargelim -mem2reg -instcombine -dce -simplifycfg -auto-rom-infer -dce -function-uniquify -resource-proc -clib-intrinsic-prepare -dce -func-buffer -dce -pag -array-normalize -func-legal -instcombine -gvn -constprop -dce -simplifycfg -mem2reg -globaldce -resolve-double-ptr -dce -deadargelim -dce -instcombine -ptrArgReplace -mem2reg -dce -array-seg-normalize -deadargelim -instcombine -dce -pointer-simplify -dce -port-alignment -dce -interface-preproc -data-pack -instcombine -dce -basicaa -aggr-aa -aggrmodref-aa -aggr-aa -gvn -gvn -basicaa -aggr-aa -aggrmodref-aa -aggr-aa -dse -adse -adce -loop-simplify -indvars -instcombine -gvn -loop-simplify -mem2reg -dce -find-region -instcombine -auto-loop-pipeline -inst-simplify -interface-preproc -cfgopt -instcombine -indvars -auto-loop-unroll -loop-simplify -loop-bound -xunroll -constprop -instcombine -simplifycfg -indvars -simplifycfg -dce -globaldce -clean-region -attach-range -gvn -inst-simplify -constprop -simplifycfg -dce -pointer-simplify -dce -globalopt -constprop -dce -array-promote -constprop -dce -ptrArgReplace -mem2reg -simplifycfg -dce -auto-par -instcombine -dce -array-transform-check -array-reshape -instcombine -simplifycfg -dce -ptrArgReplace -deadargelim -mem2reg -instcombine -simplifycfg -dce -indvars -loop-simplify -loop-bound -xunroll -constprop -instcombine -simplifycfg -indvars -simplifycfg -dce -globaldce -basicaa -aggr-aa -aggrmodref-aa -aggr-aa -dse -duplicate-dataflow-processes -globaldce -instcombine -array-partition -instcombine -simplifycfg -dce -ptrArgReplace -global-constprop -deadargelim -mem2reg -func-legal -dce -global-constprop -deadargelim -mem2reg -simplifycfg -dce -merge-param -deadargelim -globalopt -constprop -dce -array-promote -constprop -dce -ptrArgReplace -mem2reg -simplifycfg -dce -mem-intrinsic-preproc -dce -global-internalize -global-privatize -mem2reg -globaldce -promote-global-argument -ptrArgReplace -mem2reg -dce -globalopt -mergereturn -simplify-global-access -mem2reg -dce -pointer-simplify -dce -functionattrs -basicaa -aggr-aa -aggrmodref-aa -aggr-aa -gvn -gvn -basicaa -aggr-aa -aggrmodref-aa -aggr-aa -dse -adse -adce -dce -norm-name -function-inline -complex-op-raise -inst-simplify -globaldce -func-inst -constprop -instcombine -simplifycfg -dce -func-legal -dce -loop-bound -arraycheck -bitwidthmin -on-by-dataflow -loop-delete -instcombine -simplifycfg -globaldce -dce -gvn -deadargelim -dce -loop-simplify -clean-region -simplifycfg -propagate-stable-arguments -loop-stream -instcombine -simplifycfg -dce -globaldce -duplicate-dataflow-processes -stream-intrinsic-preproc -dce -check-ap-stream -loop-simplify -eliminate-keepreads -extract-dataflow-in-loop -loop-simplify -dce -gvn -deadargelim -dse -check-dataflow-syntax -legalize-stream-variable -legalize-global -extract-subproc -dce -dead-channel-elimination -canonicalize-gep -globaldce -dce -gvn -deadargelim -annotate-dataflow-channels -scalar-propagation -deadargelim -globaldce -mem2reg -check-dataflow-channels -function-stream -dce -globaldce -prop-fifo-spec -internal-stream-gen -canonicalize-gep -globaldce -dce -gvn -deadargelim -mergereturn -indvars -loop-simplify -instcombine -array-stream -array-seg-normalize -array-partition -func-legal -instcombine -simplifycfg -dce -bundle-memfifo-ops -deadargelim -function-uniquify -directive-preproc -mem2reg -dse -dce -group-axi-access -licm -simplifycfg -dce -loop-delete -norm-name /home/mahdi/finalIPs/finalIPs/enc/enc_prj/solution1/.autopilot/db/a.o.1.bc -o /home/mahdi/finalIPs/finalIPs/enc/enc_prj/solution1/.autopilot/db/a.o.1.tmp.bc -f 
INFO: [XFORM 203-502] Unrolling all sub-loops inside loop 'Lp6' (kern_enc.cpp:196) in function 'kern_enc' for pipelining.
INFO: [HLS 200-489] Unrolling loop 'Lp2' (kern_enc.cpp:124) in function 'kern_enc' completely with a factor of 16.
INFO: [HLS 200-489] Unrolling loop 'Lp3' (kern_enc.cpp:130) in function 'kern_enc' completely with a factor of 10.
INFO: [HLS 200-489] Unrolling loop 'Lp4' (kern_enc.cpp:148) in function 'kern_enc' completely with a factor of 16.
INFO: [HLS 200-489] Unrolling loop 'Lp1' (kern_enc.cpp:181) in function 'kern_enc' completely with a factor of 16.
INFO: [HLS 200-489] Unrolling loop 'Lp5' (kern_enc.cpp:189) in function 'kern_enc' completely with a factor of 16.
INFO: [HLS 200-489] Unrolling loop 'Lp7' (kern_enc.cpp:201) in function 'kern_enc' completely with a factor of 16.
INFO: [HLS 200-489] Unrolling loop 'Lp8' (kern_enc.cpp:229) in function 'kern_enc' completely with a factor of 4.
INFO: [HLS 200-489] Unrolling loop 'Lp9' (kern_enc.cpp:235) in function 'kern_enc' completely with a factor of 4.
INFO: [HLS 200-489] Unrolling loop 'Lp10' (kern_enc.cpp:258) in function 'kern_enc' completely with a factor of 16.
INFO: [HLS 200-489] Unrolling loop 'Lp11' (kern_enc.cpp:267) in function 'kern_enc' completely with a factor of 16.
INFO: [HLS 200-489] Unrolling loop 'Lp12' (kern_enc.cpp:294) in function 'kern_enc' completely with a factor of 16.
INFO: [HLS 200-489] Unrolling loop 'Lp13' (kern_enc.cpp:302) in function 'kern_enc' completely with a factor of 15.
INFO: [XFORM 203-102] Partitioning array 'temp_column.V' (kern_enc.cpp:25) automatically.
INFO: [XFORM 203-102] Partitioning array 'temp_column_a.V' (kern_enc.cpp:25) automatically.
INFO: [XFORM 203-102] Partitioning array 'temp_column_b.V' (kern_enc.cpp:25) automatically.
INFO: [XFORM 203-102] Partitioning array 'temp_state.V' (kern_enc.cpp:26) automatically.
INFO: [XFORM 203-102] Partitioning array 'cipher.V' (kern_enc.cpp:27) automatically.
INFO: [XFORM 203-102] Partitioning array 'lastround.V' (kern_enc.cpp:29) automatically.
INFO: [XFORM 203-102] Partitioning array 'plain_block.V' (kern_enc.cpp:35) automatically.
WARNING: [XFORM 203-104] Completely partitioning array 'keys.V'  accessed through non-constant indices on dimension 1 (kern_enc.cpp:259:39), which may result in long runtime and suboptimal QoR due to large multiplexers. Please consider wrapping the array access into a function or using a register file core instead.
INFO: [XFORM 203-101] Partitioning array 'keys.V'  in dimension 1 completely.
Command         transform done; 1.24 sec.
INFO-FLOW: Presyn 2...
Execute         transform -hls -keep-callgraph -scalarrepl -mem2reg -port-alignment -attach-range -dce -pipe-mux-gen -indvars -loop-bound -inst-simplify -instcombine -dce -merge-array-access -mem2reg -dce -clean-region -mergereturn -if-conv -instcombine -dce -constprop -basicaa -aggr-aa -aggrmodref-aa -aggr-aa -gvn -gvn -basicaa -aggr-aa -aggrmodref-aa -aggr-aa -dse -adse -adce -scalarrepl -mem2reg -global-constprop -deadargelim -deadargelim -instcombine -dce -simplifycfg -ptrArgReplace -mem2reg -function-inline -globaldce -mem2reg -instcombine -dce -expr-balance -instcombine -dce -bitwidthmin -interface-preproc -directive-preproc -inst-rectify -instcombine -dce -functionattrs -constprop -instcombine -bit-constprop -simplify-global-access -globalopt -globaldce -inst-simplify -instcombine -elimdeaddata -dce -loop-delete -simplifycfg -loop-simplify -auto-burst -norm-name /home/mahdi/finalIPs/finalIPs/enc/enc_prj/solution1/.autopilot/db/a.o.1.tmp.bc -o /home/mahdi/finalIPs/finalIPs/enc/enc_prj/solution1/.autopilot/db/a.o.2.bc -f -phase presyn 
INFO: [XFORM 203-11] Balancing expressions in function 'kern_enc' (kern_enc.cpp:7)...80 expression(s) balanced.
Command         transform done; 0.33 sec.
INFO: [HLS 200-111] Finished Pre-synthesis Time (s): cpu = 00:00:21 ; elapsed = 00:00:32 . Memory (MB): peak = 916.629 ; gain = 208.398 ; free physical = 5724 ; free virtual = 55416
INFO-FLOW: Building ssdm...
Execute         transform -hls -function-uniquify -auto-function-inline -globaldce -ptrArgReplace -mem2reg -dce -reset-lda -loop-simplify -indvars -licm -loop-dep -loop-bound -licm -loop-simplify -flattenloopnest -array-flatten -gvn -instcombine -dce -array-map -dce -func-legal -gvn -adce -instcombine -cfgopt -simplifycfg -loop-simplify -array-burst -promote-global-argument -dce -ptrLegalization -axi4-lower -array-seg-normalize -basicaa -aggrmodref-aa -globalsmodref-aa -aggr-aa -gvn -gvn -basicaa -aggrmodref-aa -globalsmodref-aa -aggr-aa -dse -adse -adce -licm -inst-simplify -dce -globaldce -instcombine -array-stream -eliminate-keepreads -instcombine -dce -deadargelim -doublePtrSimplify -doublePtrElim -dce -doublePtrSimplify -promote-dbg-pointer -dce -scalarrepl -mem2reg -disaggr -norm-name -mem2reg -instcombine -dse -adse -adce -ptrLegalization -dce -auto-rom-infer -array-flatten -dce -instcombine -check-doubleptr -loop-rot -constprop -cfgopt -simplifycfg -loop-simplify -indvars -pointer-simplify -dce -loop-bound -loop-simplify -loop-preproc -constprop -global-constprop -gvn -mem2reg -instcombine -dce -loop-bound -loop-merge -dce -bitwidthmin -deadargelim -dce -canonicalize-dataflow -dce -scalar-propagation -deadargelim -globaldce -mem2reg -read-loop-dep -interface-preproc -directive-preproc -interface-gen -bram-byte-enable -deadargelim -inst-simplify -dce -gvn -mem2reg -instcombine -dce -adse -loop-bound -instcombine -cfgopt -simplifycfg -loop-simplify -clean-region -io-protocol -find-region -mem2reg -bitop-raise -complex-op-raise -inst-simplify -inst-rectify -instcombine -adce -deadargelim -loop-simplify -phi-opt -bitop-raise -cfgopt -simplifycfg -strip-dead-prototypes -interface-lower -bitop-lower -intrinsic-lower -auto-function-inline -basicaa -aggrmodref-aa -globalsmodref-aa -aggr-aa -inst-simplify -simplifycfg -loop-simplify -mergereturn -inst-simplify -inst-rectify -dce -load-elim -bitop-lower -loop-rewind -pointer-simplify -dce -cfgopt -dce -loop-bound -loop-dep -read-loop-dep -dce -check-stream -norm-name -legalize -validate-dataflow -inst-clarity -bitwidth -dump-loop-dep-to-ir -check-all-ssdm -cdfg-build /home/mahdi/finalIPs/finalIPs/enc/enc_prj/solution1/.autopilot/db/a.o.2.bc -o /home/mahdi/finalIPs/finalIPs/enc/enc_prj/solution1/.autopilot/db/a.o.3.bc -f -phase build-ssdm 
Command         transform done; 0.53 sec.
INFO: [HLS 200-111] Finished Architecture Synthesis Time (s): cpu = 00:00:21 ; elapsed = 00:00:32 . Memory (MB): peak = 916.629 ; gain = 208.398 ; free physical = 5721 ; free virtual = 55413
INFO-FLOW: Finish building internal data model.
Command       opt_and_import_c done; 4.25 sec.
Command     elaborate done; 25.53 sec.
Execute     autosyn -from_csynth_design=1 
INFO: [HLS 200-10] Starting hardware synthesis ...
INFO-FLOW: Synthesizing C/C++ design ...
INFO: [HLS 200-10] Synthesizing 'kern_enc' ...
Execute       ap_set_top_model kern_enc 
Execute       get_model_list kern_enc -filter all-wo-channel -topdown 
Execute       preproc_iomode -model kern_enc 
Execute       get_model_list kern_enc -filter all-wo-channel 
INFO-FLOW: Model list for configure: kern_enc
INFO-FLOW: Configuring Module : kern_enc ...
Execute       set_default_model kern_enc 
Execute       apply_spec_resource_limit kern_enc 
INFO-FLOW: Model list for preprocess: kern_enc
INFO-FLOW: Preprocessing Module: kern_enc ...
Execute       set_default_model kern_enc 
Execute       cdfg_preprocess -model kern_enc 
Execute       rtl_gen_preprocess kern_enc 
INFO-FLOW: Model list for synthesis: kern_enc
INFO: [HLS 200-10] ----------------------------------------------------------------
INFO: [HLS 200-42] -- Implementing module 'kern_enc' 
INFO: [HLS 200-10] ----------------------------------------------------------------
Execute       set_default_model kern_enc 
Execute       schedule -model kern_enc 
INFO: [SCHED 204-11] Starting scheduling ...
INFO: [SCHED 204-61] Pipelining loop 'Lp6'.
INFO: [SCHED 204-61] Pipelining result : Target II = 1, Final II = 1, Depth = 2.
INFO: [SCHED 204-11] Finished scheduling.
Command       schedule done; 0.43 sec.
INFO: [HLS 200-111]  Elapsed time: 32.86 seconds; current allocated memory: 141.639 MB.
Execute       syn_report -verbosereport -o /home/mahdi/finalIPs/finalIPs/enc/enc_prj/solution1/.autopilot/db/kern_enc.verbose.sched.rpt 
Command       syn_report done; 0.28 sec.
Execute       db_write -o /home/mahdi/finalIPs/finalIPs/enc/enc_prj/solution1/.autopilot/db/kern_enc.sched.adb -f 
INFO-FLOW: Finish scheduling kern_enc.
Execute       set_default_model kern_enc 
Execute       bind -model kern_enc 
BIND OPTION: model=kern_enc
INFO: [BIND 205-100] Starting micro-architecture generation ...
INFO: [BIND 205-101] Performing variable lifetime analysis.
INFO: [BIND 205-101] Exploring resource sharing.
INFO: [BIND 205-101] Binding ...
INFO: [BIND 205-100] Finished micro-architecture generation.
Command       bind done; 0.37 sec.
INFO: [HLS 200-111]  Elapsed time: 0.73 seconds; current allocated memory: 144.932 MB.
Execute       syn_report -verbosereport -o /home/mahdi/finalIPs/finalIPs/enc/enc_prj/solution1/.autopilot/db/kern_enc.verbose.bind.rpt 
Command       syn_report done; 0.61 sec.
Execute       db_write -o /home/mahdi/finalIPs/finalIPs/enc/enc_prj/solution1/.autopilot/db/kern_enc.bind.adb -f 
INFO-FLOW: Finish binding kern_enc.
Execute       get_model_list kern_enc -filter all-wo-channel 
INFO-FLOW: Preprocessing for RTLGen ...
Execute       rtl_gen_preprocess kern_enc 
INFO-FLOW: Model list for RTL generation: kern_enc
INFO: [HLS 200-10] ----------------------------------------------------------------
INFO: [HLS 200-10] -- Generating RTL for module 'kern_enc' 
INFO: [HLS 200-10] ----------------------------------------------------------------
Execute       get_config_rtl -module_prefix 
Execute       get_config_rtl -module_auto_prefix 
Execute       create_rtl_model kern_enc -vendor xilinx -mg_file /home/mahdi/finalIPs/finalIPs/enc/enc_prj/solution1/.autopilot/db/kern_enc.compgen.tcl 
INFO: [RTGEN 206-500] Setting interface mode on port 'kern_enc/id' to 'ap_none'.
INFO: [RTGEN 206-500] Setting interface mode on port 'kern_enc/in_V_data_V' to 'axis'.
INFO: [RTGEN 206-500] Setting interface mode on port 'kern_enc/in_V_dest_V' to 'axis'.
INFO: [RTGEN 206-500] Setting interface mode on port 'kern_enc/in_V_last_V' to 'axis'.
INFO: [RTGEN 206-500] Setting interface mode on port 'kern_enc/in_V_id_V' to 'axis'.
INFO: [RTGEN 206-500] Setting interface mode on port 'kern_enc/in_V_user_V' to 'axis'.
INFO: [RTGEN 206-500] Setting interface mode on port 'kern_enc/in_V_keep_V' to 'axis'.
INFO: [RTGEN 206-500] Setting interface mode on port 'kern_enc/out_V_data_V' to 'axis' (register, both mode).
INFO: [RTGEN 206-500] Setting interface mode on port 'kern_enc/out_V_dest_V' to 'axis' (register, both mode).
INFO: [RTGEN 206-500] Setting interface mode on port 'kern_enc/out_V_last_V' to 'axis' (register, both mode).
INFO: [RTGEN 206-500] Setting interface mode on port 'kern_enc/out_V_id_V' to 'axis' (register, both mode).
INFO: [RTGEN 206-500] Setting interface mode on port 'kern_enc/out_V_user_V' to 'axis' (register, both mode).
INFO: [RTGEN 206-500] Setting interface mode on port 'kern_enc/out_V_keep_V' to 'axis' (register, both mode).
INFO: [RTGEN 206-500] Setting interface mode on function 'kern_enc' to 'ap_ctrl_none'.
WARNING: [RTGEN 206-101] Register 'flag' is power-on initialization.
WARNING: [RTGEN 206-101] Register 'plainT_V' is power-on initialization.
WARNING: [RTGEN 206-101] Register 'keyT_V' is power-on initialization.
WARNING: [RTGEN 206-101] Port 'kern_enc/id' has no fanin or fanout and is left dangling.
               Please use C simulation to confirm this function argument can be read from or written to.
INFO: [RTGEN 206-100] Generating core module 'kern_enc_mux_164_8_1_1': 15 instance(s).
INFO: [RTGEN 206-100] Finished creating RTL model for 'kern_enc'.
Command       create_rtl_model done; 0.16 sec.
INFO: [HLS 200-111]  Elapsed time: 0.86 seconds; current allocated memory: 150.938 MB.
Execute       source /home/mahdi/finalIPs/finalIPs/enc/enc_prj/solution1/.autopilot/db/kern_enc.rtl_wrap.cfg.tcl 
Execute       gen_rtl kern_enc -istop -style xilinx -tracefl mytrace -tracefmt vcd -traceopt all -f -lang sc -o /home/mahdi/finalIPs/finalIPs/enc/enc_prj/solution1/syn/systemc/kern_enc -synmodules kern_enc 
Execute       gen_rtl kern_enc -istop -style xilinx -f -lang vhdl -o /home/mahdi/finalIPs/finalIPs/enc/enc_prj/solution1/syn/vhdl/kern_enc 
Command       gen_rtl done; 0.31 sec.
Execute       gen_rtl kern_enc -istop -style xilinx -f -lang vlog -o /home/mahdi/finalIPs/finalIPs/enc/enc_prj/solution1/syn/verilog/kern_enc 
Command       gen_rtl done; 0.16 sec.
Execute       syn_report -csynth -model kern_enc -o /home/mahdi/finalIPs/finalIPs/enc/enc_prj/solution1/syn/report/kern_enc_csynth.rpt 
Command       syn_report done; 0.15 sec.
Execute       syn_report -rtlxml -model kern_enc -o /home/mahdi/finalIPs/finalIPs/enc/enc_prj/solution1/syn/report/kern_enc_csynth.xml 
Command       syn_report done; 0.14 sec.
Execute       syn_report -verbosereport -model kern_enc -o /home/mahdi/finalIPs/finalIPs/enc/enc_prj/solution1/.autopilot/db/kern_enc.verbose.rpt 
Command       syn_report done; 0.79 sec.
Execute       db_write -model kern_enc -f -o /home/mahdi/finalIPs/finalIPs/enc/enc_prj/solution1/.autopilot/db/kern_enc.adb 
Command       db_write done; 0.37 sec.
Execute       gen_tb_info kern_enc -p /home/mahdi/finalIPs/finalIPs/enc/enc_prj/solution1/.autopilot/db -o /home/mahdi/finalIPs/finalIPs/enc/enc_prj/solution1/.autopilot/db/kern_enc 
Execute       export_constraint_db -f -tool general -o /home/mahdi/finalIPs/finalIPs/enc/enc_prj/solution1/.autopilot/db/kern_enc.constraint.tcl 
Execute       syn_report -designview -model kern_enc -o /home/mahdi/finalIPs/finalIPs/enc/enc_prj/solution1/.autopilot/db/kern_enc.design.xml 
Command       syn_report done; 0.29 sec.
Execute       get_config_rtl -disable_wave_debug 
Execute       syn_report -wcfg -model kern_enc -o /home/mahdi/finalIPs/finalIPs/enc/enc_prj/solution1/.autopilot/db/kern_enc_dataflow_ana.wcfg 
Execute       syn_report -protoinst -model kern_enc -o /home/mahdi/finalIPs/finalIPs/enc/enc_prj/solution1/.autopilot/db/kern_enc.protoinst 
Execute       get_config_debug -directory 
Execute       sc_get_clocks kern_enc 
Execute       get_config_export -vivado_clock 
Execute       sc_get_portdomain kern_enc 
INFO-FLOW: Model list for RTL component generation: kern_enc
INFO-FLOW: Handling components in module [kern_enc] ... 
Execute       source /home/mahdi/finalIPs/finalIPs/enc/enc_prj/solution1/.autopilot/db/kern_enc.compgen.tcl 
INFO-FLOW: Found component kern_enc_mux_164_8_1_1.
INFO-FLOW: Append model kern_enc_mux_164_8_1_1
INFO-FLOW: Found component kern_enc_SBOX_V.
INFO-FLOW: Append model kern_enc_SBOX_V
INFO-FLOW: Append model kern_enc
INFO-FLOW: Generating RTL model list ...
INFO-FLOW: All models in this session: kern_enc_mux_164_8_1_1 kern_enc_SBOX_V kern_enc
INFO-FLOW: To file: write model kern_enc_mux_164_8_1_1
INFO-FLOW: To file: write model kern_enc_SBOX_V
INFO-FLOW: To file: write model kern_enc
INFO-FLOW: Finished generating RTL model list.


INFO-FLOW: RTL Generation done.
INFO-FLOW: CAS Generation done.
INFO-FLOW: CBC Generation done.
INFO-FLOW: DBG:CMD: auto_generate_csynth_design
INFO-FLOW: DBG:CMD:     auto_generate --sim-model -phase csynth_design -d /home/mahdi/finalIPs/finalIPs/enc/enc_prj/solution1
Execute       source /home/mahdi/finalIPs/finalIPs/enc/enc_prj/solution1/.autopilot/db/global.setting.tcl 
INFO-FLOW: DBG:CMD: read_platform_lib /home/mahdi/finalIPs/finalIPs/enc/enc_prj/solution1/.autopilot/db/global.setting.tcl
Execute       source /mnt/shares/tools/Xilinx/Vivado/2019.1/common/technology/generic/autopilot/common.gen 
Execute         source /mnt/shares/tools/Xilinx/Vivado/2019.1/common/technology/generic/autopilot/APCoreGen.gen 
Execute       source /mnt/shares/tools/Xilinx/Vivado/2019.1/common/technology/generic/autopilot/op.gen 
Execute       source /mnt/shares/tools/Xilinx/Vivado/2019.1/common/technology/generic/autopilot/op_simcore.gen 
Execute       source /mnt/shares/tools/Xilinx/Vivado/2019.1/common/technology/generic/autopilot/interface.gen 
Execute       source /home/mahdi/finalIPs/finalIPs/enc/enc_prj/solution1/.autopilot/db/global.setting.tcl 
Execute       source /mnt/shares/tools/Xilinx/Vivado/2019.1/common/technology/xilinx/zynquplus/zynquplus.gen 
Execute         source /mnt/shares/tools/Xilinx/Vivado/2019.1/common/technology/xilinx/common/xilinx.gen 
Execute           source /mnt/shares/tools/Xilinx/Vivado/2019.1/common/technology/xilinx/interface/plb46.gen 
Execute           source /mnt/shares/tools/Xilinx/Vivado/2019.1/common/technology/xilinx/interface/fsl.gen 
Execute           source /mnt/shares/tools/Xilinx/Vivado/2019.1/common/technology/xilinx/interface/axi4.gen 
Execute           source /mnt/shares/tools/Xilinx/Vivado/2019.1/common/technology/xilinx/interface/nativeAXI4.gen 
Execute             source /mnt/shares/tools/Xilinx/Vivado/2019.1/common/technology/xilinx/interface/saxilite.gen 
Execute             source /mnt/shares/tools/Xilinx/Vivado/2019.1/common/technology/xilinx/interface/maxi.gen 
Execute           source /mnt/shares/tools/Xilinx/Vivado/2019.1/common/technology/xilinx/scripts/xilinxcoregen.gen 
Execute           source /mnt/shares/tools/Xilinx/Vivado/2019.1/common/technology/xilinx/interface/XilEDKCoreGen.gen 
Execute           source /mnt/shares/tools/Xilinx/Vivado/2019.1/common/technology/xilinx/ip/dds_compiler.gen 
Execute           source /mnt/shares/tools/Xilinx/Vivado/2019.1/common/technology/xilinx/ip/util.gen 
Execute           source /mnt/shares/tools/Xilinx/Vivado/2019.1/common/technology/xilinx/ip/xfft.gen 
Command           ap_source done; 0.13 sec.
Execute           source /mnt/shares/tools/Xilinx/Vivado/2019.1/common/technology/xilinx/ip/xfir.gen 
Execute           source /mnt/shares/tools/Xilinx/Vivado/2019.1/common/technology/xilinx/common/dsp48.gen 
Command         ap_source done; 0.35 sec.
Command       ap_source done; 0.35 sec.
Execute       source /mnt/shares/tools/Xilinx/Vivado/2019.1/common/technology/xilinx/zynquplus/zynquplus_fpv7.gen 
Execute         source /mnt/shares/tools/Xilinx/Vivado/2019.1/common/technology/xilinx/common/xilinx_fp.gen 
INFO-FLOW: DBG:CMD:   using AESL_AUTOCG::g_clock_period=10.000 (was NA)
INFO-FLOW: DBG:CMD:       generate_ip_cores sim=1 export=0 expOnly=0 dstVlogDir=syn/verilog
Execute       source /home/mahdi/finalIPs/finalIPs/enc/enc_prj/solution1/.autopilot/db/global.setting.tcl 
Execute       ap_part_info -name xczu19eg-ffvc1760-2-i -data names -quiet 
Execute       ap_part_info -name xczu19eg-ffvc1760-2-i -data info -quiet 
Execute       source /home/mahdi/finalIPs/finalIPs/enc/enc_prj/solution1/.autopilot/db/global.setting.tcl 
Execute       source /home/mahdi/finalIPs/finalIPs/enc/enc_prj/solution1/.autopilot/db/global.setting.tcl 
Execute       source /home/mahdi/finalIPs/finalIPs/enc/enc_prj/solution1/.autopilot/db/kern_enc.compgen.tcl 
Execute         ap_part_info -name xczu19eg-ffvc1760-2-i -data names -quiet 
Execute         ap_part_info -name xczu19eg-ffvc1760-2-i -data info -quiet 
Execute         ap_part_info -name xczu19eg-ffvc1760-2-i -data names -quiet 
Execute         ap_part_info -name xczu19eg-ffvc1760-2-i -data info -quiet 
INFO: [RTMG 210-279] Implementing memory 'kern_enc_SBOX_V_rom' using block ROMs.
Execute         ap_part_info -name xczu19eg-ffvc1760-2-i -data names -quiet 
Execute         ap_part_info -name xczu19eg-ffvc1760-2-i -data info -quiet 
Execute         ap_part_info -name xczu19eg-ffvc1760-2-i -data names -quiet 
Execute         ap_part_info -name xczu19eg-ffvc1760-2-i -data info -quiet 
Execute         ap_part_info -name xczu19eg-ffvc1760-2-i -data names -quiet 
Execute         ap_part_info -name xczu19eg-ffvc1760-2-i -data info -quiet 
Execute         ap_part_info -name xczu19eg-ffvc1760-2-i -data names -quiet 
Execute         ap_part_info -name xczu19eg-ffvc1760-2-i -data info -quiet 
Execute         ap_part_info -name xczu19eg-ffvc1760-2-i -data names -quiet 
Execute         ap_part_info -name xczu19eg-ffvc1760-2-i -data info -quiet 
Execute         ap_part_info -name xczu19eg-ffvc1760-2-i -data names -quiet 
Execute         ap_part_info -name xczu19eg-ffvc1760-2-i -data info -quiet 
Execute         ap_part_info -name xczu19eg-ffvc1760-2-i -data names -quiet 
Execute         ap_part_info -name xczu19eg-ffvc1760-2-i -data info -quiet 
Execute         ap_part_info -name xczu19eg-ffvc1760-2-i -data names -quiet 
Execute         ap_part_info -name xczu19eg-ffvc1760-2-i -data info -quiet 
Execute         ap_part_info -name xczu19eg-ffvc1760-2-i -data names -quiet 
Execute         ap_part_info -name xczu19eg-ffvc1760-2-i -data info -quiet 
Execute         ap_part_info -name xczu19eg-ffvc1760-2-i -data names -quiet 
Execute         ap_part_info -name xczu19eg-ffvc1760-2-i -data info -quiet 
Execute         ap_part_info -name xczu19eg-ffvc1760-2-i -data names -quiet 
Execute         ap_part_info -name xczu19eg-ffvc1760-2-i -data info -quiet 
Execute         ap_part_info -name xczu19eg-ffvc1760-2-i -data names -quiet 
Execute         ap_part_info -name xczu19eg-ffvc1760-2-i -data info -quiet 
Execute         ap_part_info -name xczu19eg-ffvc1760-2-i -data names -quiet 
Execute         ap_part_info -name xczu19eg-ffvc1760-2-i -data info -quiet 
Execute         ap_part_info -name xczu19eg-ffvc1760-2-i -data names -quiet 
Execute         ap_part_info -name xczu19eg-ffvc1760-2-i -data info -quiet 
Execute         ap_part_info -name xczu19eg-ffvc1760-2-i -data names -quiet 
Execute         ap_part_info -name xczu19eg-ffvc1760-2-i -data info -quiet 
Execute         ap_part_info -name xczu19eg-ffvc1760-2-i -data names -quiet 
Execute         ap_part_info -name xczu19eg-ffvc1760-2-i -data info -quiet 
Execute         ap_part_info -name xczu19eg-ffvc1760-2-i -data names -quiet 
Execute         ap_part_info -name xczu19eg-ffvc1760-2-i -data info -quiet 
Command       ap_source done; 0.15 sec.
INFO-FLOW: DBG:CMD:     auto_generate -export -impltomg_flag -rtl both -tool Vivado -pcore_version 1.00.a -phase csynth_design -d /home/mahdi/finalIPs/finalIPs/enc/enc_prj/solution1
Execute       source /home/mahdi/finalIPs/finalIPs/enc/enc_prj/solution1/.autopilot/db/global.setting.tcl 
INFO-FLOW: DBG:CMD: read_platform_lib /home/mahdi/finalIPs/finalIPs/enc/enc_prj/solution1/.autopilot/db/global.setting.tcl
Execute       source /mnt/shares/tools/Xilinx/Vivado/2019.1/common/technology/generic/autopilot/common.gen 
Execute         source /mnt/shares/tools/Xilinx/Vivado/2019.1/common/technology/generic/autopilot/APCoreGen.gen 
Execute       source /mnt/shares/tools/Xilinx/Vivado/2019.1/common/technology/generic/autopilot/op.gen 
Execute       source /mnt/shares/tools/Xilinx/Vivado/2019.1/common/technology/generic/autopilot/op_simcore.gen 
Execute       source /mnt/shares/tools/Xilinx/Vivado/2019.1/common/technology/generic/autopilot/interface.gen 
Execute       source /home/mahdi/finalIPs/finalIPs/enc/enc_prj/solution1/.autopilot/db/global.setting.tcl 
Execute       source /mnt/shares/tools/Xilinx/Vivado/2019.1/common/technology/xilinx/zynquplus/zynquplus.gen 
Execute         source /mnt/shares/tools/Xilinx/Vivado/2019.1/common/technology/xilinx/common/xilinx.gen 
Execute           source /mnt/shares/tools/Xilinx/Vivado/2019.1/common/technology/xilinx/interface/plb46.gen 
Execute           source /mnt/shares/tools/Xilinx/Vivado/2019.1/common/technology/xilinx/interface/fsl.gen 
Execute           source /mnt/shares/tools/Xilinx/Vivado/2019.1/common/technology/xilinx/interface/axi4.gen 
Execute           source /mnt/shares/tools/Xilinx/Vivado/2019.1/common/technology/xilinx/interface/nativeAXI4.gen 
Execute             source /mnt/shares/tools/Xilinx/Vivado/2019.1/common/technology/xilinx/interface/saxilite.gen 
Execute             source /mnt/shares/tools/Xilinx/Vivado/2019.1/common/technology/xilinx/interface/maxi.gen 
Execute           source /mnt/shares/tools/Xilinx/Vivado/2019.1/common/technology/xilinx/scripts/xilinxcoregen.gen 
Execute           source /mnt/shares/tools/Xilinx/Vivado/2019.1/common/technology/xilinx/interface/XilEDKCoreGen.gen 
Execute           source /mnt/shares/tools/Xilinx/Vivado/2019.1/common/technology/xilinx/ip/dds_compiler.gen 
Execute           source /mnt/shares/tools/Xilinx/Vivado/2019.1/common/technology/xilinx/ip/util.gen 
Execute           source /mnt/shares/tools/Xilinx/Vivado/2019.1/common/technology/xilinx/ip/xfft.gen 
Command           ap_source done; 0.12 sec.
Execute           source /mnt/shares/tools/Xilinx/Vivado/2019.1/common/technology/xilinx/ip/xfir.gen 
Execute           source /mnt/shares/tools/Xilinx/Vivado/2019.1/common/technology/xilinx/common/dsp48.gen 
Command         ap_source done; 0.32 sec.
Command       ap_source done; 0.32 sec.
Execute       source /mnt/shares/tools/Xilinx/Vivado/2019.1/common/technology/xilinx/zynquplus/zynquplus_fpv7.gen 
Execute         source /mnt/shares/tools/Xilinx/Vivado/2019.1/common/technology/xilinx/common/xilinx_fp.gen 
INFO-FLOW: DBG:CMD:       initCTypeInfo top_module=kern_enc xml_exists=0
Execute       source /home/mahdi/finalIPs/finalIPs/enc/enc_prj/solution1/.autopilot/db/kern_enc.rtl_wrap.cfg.tcl 
Execute       source /home/mahdi/finalIPs/finalIPs/enc/enc_prj/solution1/.autopilot/db/kern_enc.rtl_wrap.cfg.tcl 
Execute       source /home/mahdi/finalIPs/finalIPs/enc/enc_prj/solution1/.autopilot/db/kern_enc.rtl_wrap.cfg.tcl 
Execute       source /home/mahdi/finalIPs/finalIPs/enc/enc_prj/solution1/.autopilot/db/kern_enc.tbgen.tcl 
Execute       source /home/mahdi/finalIPs/finalIPs/enc/enc_prj/solution1/.autopilot/db/kern_enc.tbgen.tcl 
INFO-FLOW: DBG:CMD:       export_impl_rtl
INFO-FLOW: DBG:CMD:       generate_ip_cores sim=0 export=0 expOnly=0 dstVlogDir=impl/.verilog
Execute       source /home/mahdi/finalIPs/finalIPs/enc/enc_prj/solution1/.autopilot/db/global.setting.tcl 
Execute       source /home/mahdi/finalIPs/finalIPs/enc/enc_prj/solution1/.autopilot/db/kern_enc.compgen.tcl 
INFO-FLOW: DBG:CMD:       generate_ip_cores sim=0 export=1 expOnly=1 dstVlogDir=impl/.pcores/verilog
Execute       source /home/mahdi/finalIPs/finalIPs/enc/enc_prj/solution1/.autopilot/db/global.setting.tcl 
Execute       source /home/mahdi/finalIPs/finalIPs/enc/enc_prj/solution1/.autopilot/db/kern_enc.compgen.tcl 
Execute         ap_part_info -name xczu19eg-ffvc1760-2-i -data names -quiet 
Execute         ap_part_info -name xczu19eg-ffvc1760-2-i -data info -quiet 
Execute         ap_part_info -name xczu19eg-ffvc1760-2-i -data names -quiet 
Execute         ap_part_info -name xczu19eg-ffvc1760-2-i -data info -quiet 
Execute         ap_part_info -name xczu19eg-ffvc1760-2-i -data names -quiet 
Execute         ap_part_info -name xczu19eg-ffvc1760-2-i -data info -quiet 
Execute         ap_part_info -name xczu19eg-ffvc1760-2-i -data names -quiet 
Execute         ap_part_info -name xczu19eg-ffvc1760-2-i -data info -quiet 
Execute         ap_part_info -name xczu19eg-ffvc1760-2-i -data names -quiet 
Execute         ap_part_info -name xczu19eg-ffvc1760-2-i -data info -quiet 
Execute         ap_part_info -name xczu19eg-ffvc1760-2-i -data names -quiet 
Execute         ap_part_info -name xczu19eg-ffvc1760-2-i -data info -quiet 
Execute       ap_part_info -name xczu19eg-ffvc1760-2-i -data names -quiet 
Execute       ap_part_info -name xczu19eg-ffvc1760-2-i -data info -quiet 
INFO-FLOW: DBG:CMD:       generate_ip_cores sim=0 export=0 expOnly=0 dstVlogDir=impl/.pcores/verilog_sim
Execute       source /home/mahdi/finalIPs/finalIPs/enc/enc_prj/solution1/.autopilot/db/global.setting.tcl 
Execute       source /home/mahdi/finalIPs/finalIPs/enc/enc_prj/solution1/.autopilot/db/kern_enc.compgen.tcl 
Execute       ap_part_info -name xczu19eg-ffvc1760-2-i -data names -quiet 
Execute       ap_part_info -name xczu19eg-ffvc1760-2-i -data info -quiet 
Execute       ap_part_info -name xczu19eg-ffvc1760-2-i -data names -quiet 
Execute       ap_part_info -name xczu19eg-ffvc1760-2-i -data info -quiet 
Execute       source /home/mahdi/finalIPs/finalIPs/enc/enc_prj/solution1/.autopilot/db/global.setting.tcl 
Execute       ap_part_info -name xczu19eg-ffvc1760-2-i -data names -quiet 
Execute       ap_part_info -name xczu19eg-ffvc1760-2-i -data info -quiet 
Execute       source /home/mahdi/finalIPs/finalIPs/enc/enc_prj/solution1/.autopilot/db/kern_enc.constraint.tcl 
Execute       source /home/mahdi/finalIPs/finalIPs/enc/enc_prj/solution1/.autopilot/db/kern_enc.tbgen.tcl 
INFO-FLOW: DBG:CMD:       hasPcoreIpAdapter=false #gSsdmPorts=24
INFO-FLOW: DBG:CMD: Skipping loadAnalyze_DB, #g_database=13
INFO-FLOW: DBG:CMD:       generate_json is_phase_csynth=1 g_has_adaptors=false generate_bd_files=1 #modelList=3 #gSsdmPorts=24
Execute       source /mnt/shares/tools/Xilinx/Vivado/2019.1/tps/tcl/tcllib1.11.1/fileutil/fileutil.tcl 
Execute       source /home/mahdi/finalIPs/finalIPs/enc/enc_prj/solution1/.autopilot/db/global.setting.tcl 
Execute       source /home/mahdi/finalIPs/finalIPs/enc/enc_prj/solution1/.autopilot/db/global.setting.tcl 
Execute       get_config_export -xo 
Execute       source /home/mahdi/finalIPs/finalIPs/enc/enc_prj/solution1/.autopilot/db/kern_enc.tbgen.tcl 
Execute       source /home/mahdi/finalIPs/finalIPs/enc/enc_prj/solution1/.autopilot/db/kern_enc.tbgen.tcl 
Execute       source /home/mahdi/finalIPs/finalIPs/enc/enc_prj/solution1/.autopilot/db/kern_enc.tbgen.tcl 
Execute       source /home/mahdi/finalIPs/finalIPs/enc/enc_prj/solution1/.autopilot/db/kern_enc.tbgen.tcl 
Execute       source /home/mahdi/finalIPs/finalIPs/enc/enc_prj/solution1/.autopilot/db/kern_enc.tbgen.tcl 
Execute       source /home/mahdi/finalIPs/finalIPs/enc/enc_prj/solution1/.autopilot/db/kern_enc.tbgen.tcl 
Execute       source /home/mahdi/finalIPs/finalIPs/enc/enc_prj/solution1/.autopilot/db/kern_enc.tbgen.tcl 
Execute       source /home/mahdi/finalIPs/finalIPs/enc/enc_prj/solution1/.autopilot/db/global.setting.tcl 
Execute       get_config_sdx -target 
Execute       source /home/mahdi/finalIPs/finalIPs/enc/enc_prj/solution1/.autopilot/db/kern_enc.rtl_wrap.cfg.tcl 
Execute       source /home/mahdi/finalIPs/finalIPs/enc/enc_prj/solution1/.autopilot/db/kern_enc.compgen.dataonly.tcl 
Execute       source /home/mahdi/finalIPs/finalIPs/enc/enc_prj/solution1/.autopilot/db/global.setting.tcl 
Execute       ap_part_info -name xczu19eg-ffvc1760-2-i -data names -quiet 
Execute       ap_part_info -name xczu19eg-ffvc1760-2-i -data info -quiet 
Execute       source /home/mahdi/finalIPs/finalIPs/enc/enc_prj/solution1/.autopilot/db/kern_enc.constraint.tcl 
Execute       sc_get_clocks kern_enc 
Execute       ap_part_info -name xczu19eg-ffvc1760-2-i -data names -quiet 
Execute       ap_part_info -name xczu19eg-ffvc1760-2-i -data info -quiet 
Execute       source /home/mahdi/finalIPs/finalIPs/enc/enc_prj/solution1/.autopilot/db/global.setting.tcl 
Execute       get_config_debug -directory 
Execute       source /home/mahdi/finalIPs/finalIPs/enc/enc_prj/solution1/.autopilot/db/kern_enc.tbgen.tcl 
Execute       get_config_sdx -target 
Execute       get_config_sdx -profile 
Execute       get_config_rtl -kernel_profile 
Execute       get_config_rtl -stall_sig_gen 
Execute       get_config_rtl -profile 
INFO-FLOW: DBG:CMD: add_json_sdx_info kernel file does not exist, skipping opencl info: /home/mahdi/finalIPs/finalIPs/enc/enc_prj/solution1/.autopilot/db/kernel.internal.xml
INFO-FLOW: DBG:CMD:       delete-temp-dirs (skipped for debug)
INFO: [HLS 200-111] Finished generating all RTL models Time (s): cpu = 00:00:26 ; elapsed = 00:00:38 . Memory (MB): peak = 916.629 ; gain = 208.398 ; free physical = 5690 ; free virtual = 55392
INFO: [VHDL 208-304] Generating VHDL RTL for kern_enc.
INFO: [VLOG 209-307] Generating Verilog RTL for kern_enc.
Command     autosyn done; 5.62 sec.
Command   csynth_design done; 31.16 sec.
Command ap_source done; 36.28 sec.
Execute cleanup_all 
INFO-FLOW: Workspace /home/mahdi/finalIPs/finalIPs/enc/enc_prj/solution1 opened at Tue Nov 09 10:25:31 EST 2021
Execute     config_clock -quiet -name default -period 10 -default=false 
INFO: [SYN 201-201] Setting up clock 'default' with a period of 10ns.
Execute     config_clock -quiet -name default -uncertainty 1.25 -unit % 
INFO: [SYN 201-201] Setting up clock 'default' with an uncertainty of 1.25ns.
Execute     open_platform DefaultPlatform 
Execute     import_lib /mnt/shares/tools/Xilinx/Vivado/2019.1/common/technology/xilinx/zynquplus/zynquplus 
Execute       source /mnt/shares/tools/Xilinx/Vivado/2019.1/common/technology/xilinx/common/xilinx.lib 
Execute         source /mnt/shares/tools/Xilinx/Vivado/2019.1/common/technology/xilinx/interface/xilinx_interface.lib 
Execute           source /mnt/shares/tools/Xilinx/Vivado/2019.1/common/technology/xilinx/interface/plb46.lib 
Execute           source /mnt/shares/tools/Xilinx/Vivado/2019.1/common/technology/xilinx/interface/fsl.lib 
Execute           source /mnt/shares/tools/Xilinx/Vivado/2019.1/common/technology/xilinx/interface/axi4.lib 
Execute           source /mnt/shares/tools/Xilinx/Vivado/2019.1/common/technology/xilinx/interface/maxi.lib 
Execute           source /mnt/shares/tools/Xilinx/Vivado/2019.1/common/technology/xilinx/interface/saxilite.lib 
Execute         source /mnt/shares/tools/Xilinx/Vivado/2019.1/common/technology/xilinx/common/dsp48.lib 
Execute         source /mnt/shares/tools/Xilinx/Vivado/2019.1/common/technology/xilinx/ip/xfir.lib 
Execute         source /mnt/shares/tools/Xilinx/Vivado/2019.1/common/technology/xilinx/ip/dds_compiler.lib 
Execute         source /mnt/shares/tools/Xilinx/Vivado/2019.1/common/technology/xilinx/ip/xfft.lib 
Execute       source /mnt/shares/tools/Xilinx/Vivado/2019.1/common/technology/xilinx/common/xilinx.hlp 
Execute         source /mnt/shares/tools/Xilinx/Vivado/2019.1/common/technology/xilinx/common/target_info.tcl 
Execute         source /mnt/shares/tools/Xilinx/Vivado/2019.1/common/technology/xilinx/interface/xilinx_interface.hlp 
Execute           source /mnt/shares/tools/Xilinx/Vivado/2019.1/common/technology/xilinx/interface/maxi.hlp 
Execute           source /mnt/shares/tools/Xilinx/Vivado/2019.1/common/technology/xilinx/interface/saxilite.hlp 
Execute         source /mnt/shares/tools/Xilinx/Vivado/2019.1/common/technology/xilinx/common/dsp48.hlp 
Execute       source /mnt/shares/tools/Xilinx/Vivado/2019.1/common/technology/xilinx/zynquplus/dsp48e2.hlp 
Execute       source /mnt/shares/tools/Xilinx/Vivado/2019.1/common/technology/xilinx/common/xilinx.hlp 
Execute         source /mnt/shares/tools/Xilinx/Vivado/2019.1/common/technology/xilinx/common/target_info.tcl 
Execute         source /mnt/shares/tools/Xilinx/Vivado/2019.1/common/technology/xilinx/interface/xilinx_interface.hlp 
Execute           source /mnt/shares/tools/Xilinx/Vivado/2019.1/common/technology/xilinx/interface/maxi.hlp 
Execute           source /mnt/shares/tools/Xilinx/Vivado/2019.1/common/technology/xilinx/interface/saxilite.hlp 
Execute         source /mnt/shares/tools/Xilinx/Vivado/2019.1/common/technology/xilinx/common/dsp48.hlp 
Command     import_lib done; 0.11 sec.
Execute     source /mnt/shares/tools/Xilinx/Vivado/2019.1/common/technology/xilinx/zynquplus/zynquplus.gen 
Execute       source /mnt/shares/tools/Xilinx/Vivado/2019.1/common/technology/xilinx/common/xilinx.gen 
Execute         source /mnt/shares/tools/Xilinx/Vivado/2019.1/common/technology/xilinx/interface/plb46.gen 
Execute         source /mnt/shares/tools/Xilinx/Vivado/2019.1/common/technology/xilinx/interface/fsl.gen 
Execute         source /mnt/shares/tools/Xilinx/Vivado/2019.1/common/technology/xilinx/interface/axi4.gen 
Execute         source /mnt/shares/tools/Xilinx/Vivado/2019.1/common/technology/xilinx/interface/nativeAXI4.gen 
Execute           source /mnt/shares/tools/Xilinx/Vivado/2019.1/common/technology/xilinx/interface/saxilite.gen 
Execute           source /mnt/shares/tools/Xilinx/Vivado/2019.1/common/technology/xilinx/interface/maxi.gen 
Execute         source /mnt/shares/tools/Xilinx/Vivado/2019.1/common/technology/xilinx/scripts/xilinxcoregen.gen 
Execute         source /mnt/shares/tools/Xilinx/Vivado/2019.1/common/technology/xilinx/interface/XilEDKCoreGen.gen 
Execute         source /mnt/shares/tools/Xilinx/Vivado/2019.1/common/technology/xilinx/ip/dds_compiler.gen 
Execute         source /mnt/shares/tools/Xilinx/Vivado/2019.1/common/technology/xilinx/ip/util.gen 
Execute         source /mnt/shares/tools/Xilinx/Vivado/2019.1/common/technology/xilinx/ip/xfft.gen 
Command         ap_source done; 0.12 sec.
Execute         source /mnt/shares/tools/Xilinx/Vivado/2019.1/common/technology/xilinx/ip/xfir.gen 
Execute         source /mnt/shares/tools/Xilinx/Vivado/2019.1/common/technology/xilinx/common/dsp48.gen 
Command       ap_source done; 0.33 sec.
Command     ap_source done; 0.33 sec.
Execute     open_platform DefaultPlatform 
Execute     import_lib /mnt/shares/tools/Xilinx/Vivado/2019.1/common/technology/xilinx/zynquplus/zynquplus_fpv7 
Execute       source /mnt/shares/tools/Xilinx/Vivado/2019.1/common/technology/xilinx/common/xilinx_fp.lib 
Execute       source /mnt/shares/tools/Xilinx/Vivado/2019.1/common/technology/xilinx/common/xilinx_fp.hlp 
Execute         source /mnt/shares/tools/Xilinx/Vivado/2019.1/common/technology/xilinx/common/xilinx.hlp 
Execute           source /mnt/shares/tools/Xilinx/Vivado/2019.1/common/technology/xilinx/common/target_info.tcl 
Execute           source /mnt/shares/tools/Xilinx/Vivado/2019.1/common/technology/xilinx/interface/xilinx_interface.hlp 
Execute             source /mnt/shares/tools/Xilinx/Vivado/2019.1/common/technology/xilinx/interface/maxi.hlp 
Execute             source /mnt/shares/tools/Xilinx/Vivado/2019.1/common/technology/xilinx/interface/saxilite.hlp 
Execute           source /mnt/shares/tools/Xilinx/Vivado/2019.1/common/technology/xilinx/common/dsp48.hlp 
Execute     source /mnt/shares/tools/Xilinx/Vivado/2019.1/common/technology/xilinx/zynquplus/zynquplus_fpv7.gen 
Execute       source /mnt/shares/tools/Xilinx/Vivado/2019.1/common/technology/xilinx/common/xilinx_fp.gen 
Execute     set_part xczu19eg-ffvc1760-2-i 
Execute       ap_part_info -name xczu19eg-ffvc1760-2-i -data single -quiet 
Command       ap_part_info done; 3.81 sec.
Execute       ap_part_info -name xczu19eg-ffvc1760-2-i -data info 
Execute       add_library xilinx/zynquplus/zynquplus:xczu19eg:-ffvc1760:-2-i 
Execute         get_default_platform 
Execute         license_isbetapart xczu19eg 
Command         license_isbetapart done; error code: 1; 
Execute         ap_part_info -data single -name xczu19eg-ffvc1760-2-i 
Execute         ap_part_info -name xczu19eg-ffvc1760-2-i -data resources 
Execute         ap_part_info -name xczu19eg-ffvc1760-2-i -data info 
Execute         ap_part_info -name xczu19eg-ffvc1760-2-i -data info 
Execute         config_chip_info -quiet -resource {SLICE 65340} {LUT 522720} {FF 1045440} {DSP48E 1968} {BRAM 1968} {URAM 128} 
Execute         ap_part_info -name xczu19eg-ffvc1760-2-i -data info 
Execute         config_chip_info -quiet -speed medium 
Execute       add_library xilinx/zynquplus/zynquplus_fpv7 
Execute         get_default_platform 
INFO: [HLS 200-10] Setting target device to 'xczu19eg-ffvc1760-2-i'
Execute       ap_part_info -name xczu19eg-ffvc1760-2-i -data info 
Execute       get_default_platform 
Command     set_part done; 3.96 sec.
Execute     ap_part_info -data single -name xczu19eg-ffvc1760-2-i 
Execute     ap_part_info -name xczu19eg-ffvc1760-2-i -data resources 
Execute     ap_part_info -name xczu19eg-ffvc1760-2-i -data info 
Execute     ap_part_info -name xczu19eg-ffvc1760-2-i -data info 
Execute     config_chip_info -quiet -resource {SLICE 65340} {LUT 522720} {FF 1045440} {DSP48E 1968} {BRAM 1968} {URAM 128} 
Execute     ap_part_info -name xczu19eg-ffvc1760-2-i -data info 
Execute     config_chip_info -quiet -speed medium 
Execute     config_export -format=ip_catalog 
Execute     config_export -rtl=verilog 
Execute     config_export -vivado_optimization_level=2 
Execute       get_config_export -vivado_impl_strategy 
Execute       get_config_export -vivado_phys_opt 
Execute     config_export -vivado_phys_opt=place 
Execute     config_export -vivado_report_level=0 
Execute     config_sdx -optimization_level=none 
Execute       send_msg_by_id INFO @200-435@%s%s 'config_sdx -optimization_level' config_export -vivado_optimization_level=2 
INFO: [HLS 200-435] Setting 'config_sdx -optimization_level' configuration: config_export -vivado_optimization_level=2
Execute       config_export -vivado_optimization_level=2 
Execute         get_config_export -vivado_impl_strategy 
Execute         get_config_export -vivado_phys_opt 
Execute     config_sdx -target=none 
Execute       send_msg_by_id INFO @200-435@%s%s 'config_sdx -target' config_export -vivado_optimization_level=2 
INFO: [HLS 200-435] Setting 'config_sdx -target' configuration: config_export -vivado_optimization_level=2
Execute       config_export -vivado_optimization_level=2 
Execute         get_config_export -vivado_impl_strategy 
Execute         get_config_export -vivado_phys_opt 
Execute       get_config_compile -pipeline_loops 
Execute       get_config_compile -name_max_length 
Execute       get_config_schedule -enable_dsp_full_reg 
Execute       get_config_rtl -register_reset_num 
Execute       get_config_rtl -module_auto_prefix 
Execute       get_config_interface -m_axi_addr64 
Execute       send_msg_by_id INFO @200-435@%s%s 'config_sdx -target' set_clock_uncertainty default 
INFO: [HLS 200-435] Setting 'config_sdx -target' configuration: set_clock_uncertainty default
Execute       set_clock_uncertainty default 
Command   open_solution done; 4.54 sec.
Execute   export_design -rtl verilog -format ip_catalog 
Execute     get_config_export -acc 
Execute     get_config_export -clock_margin 
Execute     get_config_export -custom_script 
Execute     get_config_export -description 
Execute     get_config_export -display_name 
Execute     get_config_export -driver_input_dir 
Execute     get_config_export -ipname 
Execute     get_config_export -kernel_drc 
Execute     get_config_export -library 
Execute     get_config_export -qor_test 
Execute     get_config_export -sdaccel 
Execute     get_config_export -sim 
Execute     get_config_export -taxonomy 
Execute     get_config_export -use_ip 
Execute     get_config_export -use_netlist 
Execute     get_config_export -vendor 
Execute     get_config_export -version 
Execute     get_config_export -xo 
Execute     config_export -format=ip_catalog -rtl=verilog 
INFO-FLOW: DBG:CMD: export_design_wrap: -format ip_catalog -rtl verilog
Execute     source /home/mahdi/finalIPs/finalIPs/enc/enc_prj/solution1/.autopilot/db/global.setting.tcl 
Execute     get_config_export -vivado_clock 
Execute     get_top 
Execute     get_config_sdx -target 
Execute     get_config_rtl -module_auto_prefix 
Execute     get_config_sdx -target 
Execute     get_config_sdx -target 
INFO-FLOW: DBG:CMD:   auto_impl: pack: -export -tool vivado -rtl verilog -sdx-target none
Execute     source /home/mahdi/finalIPs/finalIPs/enc/enc_prj/solution1/.autopilot/db/global.setting.tcl 
INFO-FLOW: DBG:CMD: read_platform_lib /home/mahdi/finalIPs/finalIPs/enc/enc_prj/solution1/.autopilot/db/global.setting.tcl
Execute     source /mnt/shares/tools/Xilinx/Vivado/2019.1/common/technology/generic/autopilot/common.gen 
Execute       source /mnt/shares/tools/Xilinx/Vivado/2019.1/common/technology/generic/autopilot/APCoreGen.gen 
Execute     source /mnt/shares/tools/Xilinx/Vivado/2019.1/common/technology/generic/autopilot/op.gen 
Execute     source /mnt/shares/tools/Xilinx/Vivado/2019.1/common/technology/generic/autopilot/op_simcore.gen 
Execute     source /mnt/shares/tools/Xilinx/Vivado/2019.1/common/technology/generic/autopilot/interface.gen 
Execute     source /home/mahdi/finalIPs/finalIPs/enc/enc_prj/solution1/.autopilot/db/global.setting.tcl 
Execute     source /mnt/shares/tools/Xilinx/Vivado/2019.1/common/technology/xilinx/zynquplus/zynquplus.gen 
Execute       source /mnt/shares/tools/Xilinx/Vivado/2019.1/common/technology/xilinx/common/xilinx.gen 
Execute         source /mnt/shares/tools/Xilinx/Vivado/2019.1/common/technology/xilinx/interface/plb46.gen 
Execute         source /mnt/shares/tools/Xilinx/Vivado/2019.1/common/technology/xilinx/interface/fsl.gen 
Execute         source /mnt/shares/tools/Xilinx/Vivado/2019.1/common/technology/xilinx/interface/axi4.gen 
Execute         source /mnt/shares/tools/Xilinx/Vivado/2019.1/common/technology/xilinx/interface/nativeAXI4.gen 
Execute           source /mnt/shares/tools/Xilinx/Vivado/2019.1/common/technology/xilinx/interface/saxilite.gen 
Execute           source /mnt/shares/tools/Xilinx/Vivado/2019.1/common/technology/xilinx/interface/maxi.gen 
Execute         source /mnt/shares/tools/Xilinx/Vivado/2019.1/common/technology/xilinx/scripts/xilinxcoregen.gen 
Execute         source /mnt/shares/tools/Xilinx/Vivado/2019.1/common/technology/xilinx/interface/XilEDKCoreGen.gen 
Execute         source /mnt/shares/tools/Xilinx/Vivado/2019.1/common/technology/xilinx/ip/dds_compiler.gen 
Execute         source /mnt/shares/tools/Xilinx/Vivado/2019.1/common/technology/xilinx/ip/util.gen 
Execute         source /mnt/shares/tools/Xilinx/Vivado/2019.1/common/technology/xilinx/ip/xfft.gen 
Execute         source /mnt/shares/tools/Xilinx/Vivado/2019.1/common/technology/xilinx/ip/xfir.gen 
Execute         source /mnt/shares/tools/Xilinx/Vivado/2019.1/common/technology/xilinx/common/dsp48.gen 
Command       ap_source done; 0.3 sec.
Command     ap_source done; 0.3 sec.
Execute     source /mnt/shares/tools/Xilinx/Vivado/2019.1/common/technology/xilinx/zynquplus/zynquplus_fpv7.gen 
Execute       source /mnt/shares/tools/Xilinx/Vivado/2019.1/common/technology/xilinx/common/xilinx_fp.gen 
INFO-FLOW: DBG:CMD:   using AESL_AUTOCG::g_clock_period=10.000 (was NA)
Execute     ap_part_info -name xczu19eg-ffvc1760-2-i -data names -quiet 
Execute     ap_part_info -name xczu19eg-ffvc1760-2-i -data info -quiet 
Execute     source /home/mahdi/finalIPs/finalIPs/enc/enc_prj/solution1/.autopilot/db/global.setting.tcl 
INFO: [IMPL 213-8] Exporting RTL as a Vivado IP.
Execute     source /home/mahdi/finalIPs/finalIPs/enc/enc_prj/solution1/.autopilot/db/global.setting.tcl 
INFO-FLOW: DBG:CMD: automg_wrap -export -pcore_version 1.00.a -rtl vlog -sdx-target none -tool Vivado -impltomg_flag
INFO-FLOW: DBG:CMD:     auto_generate -export -pcore_version 1.00.a -rtl vlog -sdx-target none -tool Vivado -impltomg_flag
Execute     source /home/mahdi/finalIPs/finalIPs/enc/enc_prj/solution1/.autopilot/db/global.setting.tcl 
INFO-FLOW: DBG:CMD: read_platform_lib /home/mahdi/finalIPs/finalIPs/enc/enc_prj/solution1/.autopilot/db/global.setting.tcl
Execute     source /mnt/shares/tools/Xilinx/Vivado/2019.1/common/technology/generic/autopilot/common.gen 
Execute       source /mnt/shares/tools/Xilinx/Vivado/2019.1/common/technology/generic/autopilot/APCoreGen.gen 
Execute     source /mnt/shares/tools/Xilinx/Vivado/2019.1/common/technology/generic/autopilot/op.gen 
Execute     source /mnt/shares/tools/Xilinx/Vivado/2019.1/common/technology/generic/autopilot/op_simcore.gen 
Execute     source /mnt/shares/tools/Xilinx/Vivado/2019.1/common/technology/generic/autopilot/interface.gen 
Execute     source /home/mahdi/finalIPs/finalIPs/enc/enc_prj/solution1/.autopilot/db/global.setting.tcl 
Execute     source /mnt/shares/tools/Xilinx/Vivado/2019.1/common/technology/xilinx/zynquplus/zynquplus.gen 
Execute       source /mnt/shares/tools/Xilinx/Vivado/2019.1/common/technology/xilinx/common/xilinx.gen 
Execute         source /mnt/shares/tools/Xilinx/Vivado/2019.1/common/technology/xilinx/interface/plb46.gen 
Execute         source /mnt/shares/tools/Xilinx/Vivado/2019.1/common/technology/xilinx/interface/fsl.gen 
Execute         source /mnt/shares/tools/Xilinx/Vivado/2019.1/common/technology/xilinx/interface/axi4.gen 
Execute         source /mnt/shares/tools/Xilinx/Vivado/2019.1/common/technology/xilinx/interface/nativeAXI4.gen 
Execute           source /mnt/shares/tools/Xilinx/Vivado/2019.1/common/technology/xilinx/interface/saxilite.gen 
Execute           source /mnt/shares/tools/Xilinx/Vivado/2019.1/common/technology/xilinx/interface/maxi.gen 
Execute         source /mnt/shares/tools/Xilinx/Vivado/2019.1/common/technology/xilinx/scripts/xilinxcoregen.gen 
Execute         source /mnt/shares/tools/Xilinx/Vivado/2019.1/common/technology/xilinx/interface/XilEDKCoreGen.gen 
Execute         source /mnt/shares/tools/Xilinx/Vivado/2019.1/common/technology/xilinx/ip/dds_compiler.gen 
Execute         source /mnt/shares/tools/Xilinx/Vivado/2019.1/common/technology/xilinx/ip/util.gen 
Execute         source /mnt/shares/tools/Xilinx/Vivado/2019.1/common/technology/xilinx/ip/xfft.gen 
Command         ap_source done; 0.15 sec.
Execute         source /mnt/shares/tools/Xilinx/Vivado/2019.1/common/technology/xilinx/ip/xfir.gen 
Execute         source /mnt/shares/tools/Xilinx/Vivado/2019.1/common/technology/xilinx/common/dsp48.gen 
Command       ap_source done; 0.34 sec.
Command     ap_source done; 0.35 sec.
Execute     source /mnt/shares/tools/Xilinx/Vivado/2019.1/common/technology/xilinx/zynquplus/zynquplus_fpv7.gen 
Execute       source /mnt/shares/tools/Xilinx/Vivado/2019.1/common/technology/xilinx/common/xilinx_fp.gen 
INFO-FLOW: DBG:CMD:       initCTypeInfo top_module=kern_enc xml_exists=1
Execute     source /home/mahdi/finalIPs/finalIPs/enc/enc_prj/solution1/.autopilot/db/kern_enc.rtl_wrap.cfg.tcl 
Execute     source /home/mahdi/finalIPs/finalIPs/enc/enc_prj/solution1/.autopilot/db/kern_enc.rtl_wrap.cfg.tcl 
Execute     source /home/mahdi/finalIPs/finalIPs/enc/enc_prj/solution1/.autopilot/db/kern_enc.rtl_wrap.cfg.tcl 
Execute     source /home/mahdi/finalIPs/finalIPs/enc/enc_prj/solution1/.autopilot/db/kern_enc.tbgen.tcl 
Execute     source /home/mahdi/finalIPs/finalIPs/enc/enc_prj/solution1/.autopilot/db/kern_enc.tbgen.tcl 
INFO-FLOW: DBG:CMD:       export_impl_rtl
INFO-FLOW: DBG:CMD:       generate_ip_cores sim=0 export=0 expOnly=0 dstVlogDir=impl/.verilog
Execute     source /home/mahdi/finalIPs/finalIPs/enc/enc_prj/solution1/.autopilot/db/global.setting.tcl 
Execute     source /home/mahdi/finalIPs/finalIPs/enc/enc_prj/solution1/.autopilot/db/kern_enc.compgen.tcl 
INFO-FLOW: DBG:CMD:       generate_ip_cores sim=0 export=1 expOnly=1 dstVlogDir=impl/.pcores/verilog
Execute     source /home/mahdi/finalIPs/finalIPs/enc/enc_prj/solution1/.autopilot/db/global.setting.tcl 
Execute     source /home/mahdi/finalIPs/finalIPs/enc/enc_prj/solution1/.autopilot/db/kern_enc.compgen.tcl 
Execute       ap_part_info -name xczu19eg-ffvc1760-2-i -data names -quiet 
Execute       ap_part_info -name xczu19eg-ffvc1760-2-i -data info -quiet 
Execute       ap_part_info -name xczu19eg-ffvc1760-2-i -data names -quiet 
Execute       ap_part_info -name xczu19eg-ffvc1760-2-i -data info -quiet 
Execute       ap_part_info -name xczu19eg-ffvc1760-2-i -data names -quiet 
Execute       ap_part_info -name xczu19eg-ffvc1760-2-i -data info -quiet 
Execute       ap_part_info -name xczu19eg-ffvc1760-2-i -data names -quiet 
Execute       ap_part_info -name xczu19eg-ffvc1760-2-i -data info -quiet 
Execute       ap_part_info -name xczu19eg-ffvc1760-2-i -data names -quiet 
Execute       ap_part_info -name xczu19eg-ffvc1760-2-i -data info -quiet 
Execute       ap_part_info -name xczu19eg-ffvc1760-2-i -data names -quiet 
Execute       ap_part_info -name xczu19eg-ffvc1760-2-i -data info -quiet 
Execute     ap_part_info -name xczu19eg-ffvc1760-2-i -data names -quiet 
Execute     ap_part_info -name xczu19eg-ffvc1760-2-i -data info -quiet 
INFO-FLOW: DBG:CMD:       generate_ip_cores sim=0 export=0 expOnly=0 dstVlogDir=impl/.pcores/verilog_sim
Execute     source /home/mahdi/finalIPs/finalIPs/enc/enc_prj/solution1/.autopilot/db/global.setting.tcl 
Execute     source /home/mahdi/finalIPs/finalIPs/enc/enc_prj/solution1/.autopilot/db/kern_enc.compgen.tcl 
Execute     ap_part_info -name xczu19eg-ffvc1760-2-i -data names -quiet 
Execute     ap_part_info -name xczu19eg-ffvc1760-2-i -data info -quiet 
Execute     ap_part_info -name xczu19eg-ffvc1760-2-i -data names -quiet 
Execute     ap_part_info -name xczu19eg-ffvc1760-2-i -data info -quiet 
Execute     source /home/mahdi/finalIPs/finalIPs/enc/enc_prj/solution1/.autopilot/db/global.setting.tcl 
Execute     ap_part_info -name xczu19eg-ffvc1760-2-i -data names -quiet 
Execute     ap_part_info -name xczu19eg-ffvc1760-2-i -data info -quiet 
Execute     source /home/mahdi/finalIPs/finalIPs/enc/enc_prj/solution1/.autopilot/db/kern_enc.constraint.tcl 
Execute     source /home/mahdi/finalIPs/finalIPs/enc/enc_prj/solution1/.autopilot/db/kern_enc.tbgen.tcl 
INFO-FLOW: DBG:CMD:       hasPcoreIpAdapter=false #gSsdmPorts=24
INFO-FLOW: DBG:CMD:       copying IP vlog from /home/mahdi/finalIPs/finalIPs/enc/enc_prj/solution1/impl/verilog
INFO-FLOW: DBG:CMD:       copying IP vhdl from /home/mahdi/finalIPs/finalIPs/enc/enc_prj/solution1/impl/vhdl
INFO-FLOW: DBG:CMD:       generate_ip_script #gSsdmPorts=24
Execute     ap_part_info -name xczu19eg-ffvc1760-2-i -data names -quiet 
Execute     ap_part_info -name xczu19eg-ffvc1760-2-i -data info -quiet 
Execute     ap_part_info -name xczu19eg-ffvc1760-2-i -data names -quiet 
Execute     ap_part_info -name xczu19eg-ffvc1760-2-i -data info -quiet 
Execute     source /home/mahdi/finalIPs/finalIPs/enc/enc_prj/solution1/.autopilot/db/kern_enc.tbgen.tcl 
Execute     source /home/mahdi/finalIPs/finalIPs/enc/enc_prj/solution1/.autopilot/db/kern_enc.tbgen.tcl 
Execute     source /home/mahdi/finalIPs/finalIPs/enc/enc_prj/solution1/.autopilot/db/kern_enc.tbgen.tcl 
Execute     source /home/mahdi/finalIPs/finalIPs/enc/enc_prj/solution1/.autopilot/db/kern_enc.tbgen.tcl 
Execute     source /home/mahdi/finalIPs/finalIPs/enc/enc_prj/solution1/.autopilot/db/kern_enc.tbgen.tcl 
Execute     source /home/mahdi/finalIPs/finalIPs/enc/enc_prj/solution1/.autopilot/db/kern_enc.tbgen.tcl 
Execute     source /home/mahdi/finalIPs/finalIPs/enc/enc_prj/solution1/.autopilot/db/global.setting.tcl 
Execute     get_config_sdx -target 
Execute     get_config_debug -directory 
INFO-FLOW: DBG:CMD:       generate_ip_auxiliary
Execute     ap_part_info -name xczu19eg-ffvc1760-2-i -data names -quiet 
Execute     ap_part_info -name xczu19eg-ffvc1760-2-i -data info -quiet 
Execute     source /home/mahdi/finalIPs/finalIPs/enc/enc_prj/solution1/.autopilot/db/global.setting.tcl 
INFO-FLOW: DBG:CMD:       prepArgInfo -> loadAnalyze_DB top_module=kern_enc
Execute     source /home/mahdi/finalIPs/finalIPs/enc/enc_prj/solution1/.autopilot/db/kern_enc.rtl_wrap.cfg.tcl 
Execute     source /home/mahdi/finalIPs/finalIPs/enc/enc_prj/solution1/.autopilot/db/kern_enc.rtl_wrap.cfg.tcl 
Execute     source /home/mahdi/finalIPs/finalIPs/enc/enc_prj/solution1/.autopilot/db/kern_enc.rtl_wrap.cfg.tcl 
Execute     source /home/mahdi/finalIPs/finalIPs/enc/enc_prj/solution1/.autopilot/db/kern_enc.tbgen.tcl 
Execute     source /home/mahdi/finalIPs/finalIPs/enc/enc_prj/solution1/.autopilot/db/kern_enc.tbgen.tcl 
Execute     source /home/mahdi/finalIPs/finalIPs/enc/enc_prj/solution1/.autopilot/db/kern_enc.tbgen.tcl 
INFO-FLOW: DBG:CMD:       generate_top_info
INFO-FLOW: DBG:CMD:       prepArgInfo -> loadAnalyze_DB top_module=kern_enc
Execute     source /home/mahdi/finalIPs/finalIPs/enc/enc_prj/solution1/.autopilot/db/kern_enc.rtl_wrap.cfg.tcl 
Execute     source /home/mahdi/finalIPs/finalIPs/enc/enc_prj/solution1/.autopilot/db/kern_enc.rtl_wrap.cfg.tcl 
Execute     source /home/mahdi/finalIPs/finalIPs/enc/enc_prj/solution1/.autopilot/db/kern_enc.rtl_wrap.cfg.tcl 
Execute     source /home/mahdi/finalIPs/finalIPs/enc/enc_prj/solution1/.autopilot/db/kern_enc.tbgen.tcl 
Execute     source /home/mahdi/finalIPs/finalIPs/enc/enc_prj/solution1/.autopilot/db/kern_enc.tbgen.tcl 
Execute     ap_part_info -name xczu19eg-ffvc1760-2-i -data names -quiet 
Execute     ap_part_info -name xczu19eg-ffvc1760-2-i -data info -quiet 
INFO-FLOW: DBG:CMD:       generate_ip_bd_script
Execute     ap_part_info -name xczu19eg-ffvc1760-2-i -data names -quiet 
Execute     ap_part_info -name xczu19eg-ffvc1760-2-i -data info -quiet 
Execute     ap_part_info -name xczu19eg-ffvc1760-2-i -data names -quiet 
Execute     ap_part_info -name xczu19eg-ffvc1760-2-i -data info -quiet 
Execute     source /home/mahdi/finalIPs/finalIPs/enc/enc_prj/solution1/.autopilot/db/kern_enc.tbgen.tcl 
Execute     source /home/mahdi/finalIPs/finalIPs/enc/enc_prj/solution1/.autopilot/db/global.setting.tcl 
Execute     source /home/mahdi/finalIPs/finalIPs/enc/enc_prj/solution1/.autopilot/db/kern_enc.constraint.tcl 
INFO-FLOW: DBG:CMD:       generate_ipi_example_script
Execute     ap_part_info -name xczu19eg-ffvc1760-2-i -data names -quiet 
Execute     ap_part_info -name xczu19eg-ffvc1760-2-i -data info -quiet 
Execute     ap_part_info -name xczu19eg-ffvc1760-2-i -data names -quiet 
Execute     ap_part_info -name xczu19eg-ffvc1760-2-i -data info -quiet 
INFO-FLOW: DBG:CMD:       generate_syn_sh
Execute     ap_part_info -name xczu19eg-ffvc1760-2-i -data names -quiet 
Execute     ap_part_info -name xczu19eg-ffvc1760-2-i -data info -quiet 
Execute     source /home/mahdi/finalIPs/finalIPs/enc/enc_prj/solution1/.autopilot/db/global.setting.tcl 
INFO-FLOW: DBG:CMD:       generate_imp_constraints
Execute     ap_part_info -name xczu19eg-ffvc1760-2-i -data names -quiet 
Execute     ap_part_info -name xczu19eg-ffvc1760-2-i -data info -quiet 
Execute     source /home/mahdi/finalIPs/finalIPs/enc/enc_prj/solution1/.autopilot/db/kern_enc.constraint.tcl 
Execute     source /home/mahdi/finalIPs/finalIPs/enc/enc_prj/solution1/.autopilot/db/kern_enc.tbgen.tcl 
INFO-FLOW: DBG:CMD:       delete-temp-dirs (skipped for debug)
Execute     ap_part_info -name xczu19eg-ffvc1760-2-i -data names -quiet 
Execute     ap_part_info -name xczu19eg-ffvc1760-2-i -data info -quiet 
INFO-FLOW: DBG:CMD: read_platform_lib /home/mahdi/finalIPs/finalIPs/enc/enc_prj/solution1/.autopilot/db/global.setting.tcl
Execute     source /mnt/shares/tools/Xilinx/Vivado/2019.1/common/technology/generic/autopilot/common.gen 
Execute       source /mnt/shares/tools/Xilinx/Vivado/2019.1/common/technology/generic/autopilot/APCoreGen.gen 
Execute     source /mnt/shares/tools/Xilinx/Vivado/2019.1/common/technology/generic/autopilot/op.gen 
Execute     source /mnt/shares/tools/Xilinx/Vivado/2019.1/common/technology/generic/autopilot/op_simcore.gen 
Execute     source /mnt/shares/tools/Xilinx/Vivado/2019.1/common/technology/generic/autopilot/interface.gen 
Execute     source /home/mahdi/finalIPs/finalIPs/enc/enc_prj/solution1/.autopilot/db/global.setting.tcl 
Execute     source /mnt/shares/tools/Xilinx/Vivado/2019.1/common/technology/xilinx/zynquplus/zynquplus.gen 
Execute       source /mnt/shares/tools/Xilinx/Vivado/2019.1/common/technology/xilinx/common/xilinx.gen 
Execute         source /mnt/shares/tools/Xilinx/Vivado/2019.1/common/technology/xilinx/interface/plb46.gen 
Execute         source /mnt/shares/tools/Xilinx/Vivado/2019.1/common/technology/xilinx/interface/fsl.gen 
Execute         source /mnt/shares/tools/Xilinx/Vivado/2019.1/common/technology/xilinx/interface/axi4.gen 
Execute         source /mnt/shares/tools/Xilinx/Vivado/2019.1/common/technology/xilinx/interface/nativeAXI4.gen 
Execute           source /mnt/shares/tools/Xilinx/Vivado/2019.1/common/technology/xilinx/interface/saxilite.gen 
Execute           source /mnt/shares/tools/Xilinx/Vivado/2019.1/common/technology/xilinx/interface/maxi.gen 
Execute         source /mnt/shares/tools/Xilinx/Vivado/2019.1/common/technology/xilinx/scripts/xilinxcoregen.gen 
Execute         source /mnt/shares/tools/Xilinx/Vivado/2019.1/common/technology/xilinx/interface/XilEDKCoreGen.gen 
Execute         source /mnt/shares/tools/Xilinx/Vivado/2019.1/common/technology/xilinx/ip/dds_compiler.gen 
Execute         source /mnt/shares/tools/Xilinx/Vivado/2019.1/common/technology/xilinx/ip/util.gen 
Execute         source /mnt/shares/tools/Xilinx/Vivado/2019.1/common/technology/xilinx/ip/xfft.gen 
Command         ap_source done; 0.12 sec.
Execute         source /mnt/shares/tools/Xilinx/Vivado/2019.1/common/technology/xilinx/ip/xfir.gen 
Execute         source /mnt/shares/tools/Xilinx/Vivado/2019.1/common/technology/xilinx/common/dsp48.gen 
Command       ap_source done; 0.32 sec.
Command     ap_source done; 0.32 sec.
Execute     source /mnt/shares/tools/Xilinx/Vivado/2019.1/common/technology/xilinx/zynquplus/zynquplus_fpv7.gen 
Execute       source /mnt/shares/tools/Xilinx/Vivado/2019.1/common/technology/xilinx/common/xilinx_fp.gen 
Execute     ap_part_info -name xczu19eg-ffvc1760-2-i -data names -quiet 
Execute     ap_part_info -name xczu19eg-ffvc1760-2-i -data info -quiet 
INFO-FLOW: DBG:CMD:     exec /home/mahdi/finalIPs/finalIPs/enc/enc_prj/solution1/impl/ip/pack.sh
Command   export_design done; 28.02 sec.
Command ap_source done; 32.56 sec.
Execute cleanup_all 
